[ 2014-10-26T20:41:33+08:00 ] 0.0.0.0 /horizoner.net/
INFO: [ app_begin ] --START--
INFO: ReadHtmlCache Behavior ::run [ RunTime:0.016089s ]
INFO: [ app_begin ] --END-- [ RunTime:0.016225s ]
INFO: [ view_parse ] --START--
INFO: ParseTemplate Behavior ::run [ RunTime:0.135696s ]
INFO: [ view_parse ] --END-- [ RunTime:0.135818s ]
INFO: [ view_filter ] --START--
INFO: ContentReplace Behavior ::run [ RunTime:0.006101s ]
INFO: TokenBuild Behavior ::run [ RunTime:0.022487s ]
INFO: WriteHtmlCache Behavior ::run [ RunTime:0.001506s ]
INFO: ShowRuntime Behavior ::run [ RunTime:0.024492s ]
INFO: [ view_filter ] --END-- [ RunTime:0.055049s ]
INFO: [ view_end ] --START--
INFO: ShowPageTrace Behavior ::run [ RunTime:0.001468s ]
INFO: [ view_end ] --END-- [ RunTime:0.001573s ]

[ 2014-10-26T20:41:44+08:00 ] 0.0.0.0 /horizoner.net/index.php/Index/Index/handle_about
INFO: [ route_check ] --START--
INFO: CheckRoute Behavior ::run [ RunTime:0.006716s ]
INFO: [ route_check ] --END-- [ RunTime:0.006881s ]
INFO: [ app_begin ] --START--
INFO: ReadHtmlCache Behavior ::run [ RunTime:0.012648s ]
INFO: [ app_begin ] --END-- [ RunTime:0.012750s ]
ERR: Unknown database 'horizoner'

[ 2014-10-26T20:41:48+08:00 ] 0.0.0.0 /horizoner.net/index.php/Index/Index/handle_work
INFO: [ route_check ] --START--
INFO: CheckRoute Behavior ::run [ RunTime:0.000993s ]
INFO: [ route_check ] --END-- [ RunTime:0.001146s ]
INFO: [ app_begin ] --START--
INFO: ReadHtmlCache Behavior ::run [ RunTime:0.000700s ]
INFO: [ app_begin ] --END-- [ RunTime:0.000777s ]
ERR: Unknown database 'horizoner'

