[ 2014-10-24T20:48:43+08:00 ] 0.0.0.0 /horizoner.net/
INFO: [ app_begin ] --START--
INFO: ReadHtmlCache Behavior ::run [ RunTime:0.016081s ]
INFO: [ app_begin ] --END-- [ RunTime:0.036593s ]
INFO: [ view_parse ] --START--
INFO: ParseTemplate Behavior ::run [ RunTime:0.084076s ]
INFO: [ view_parse ] --END-- [ RunTime:0.084200s ]
INFO: [ view_filter ] --START--
INFO: ContentReplace Behavior ::run [ RunTime:0.014772s ]
INFO: TokenBuild Behavior ::run [ RunTime:0.001358s ]
INFO: WriteHtmlCache Behavior ::run [ RunTime:0.001054s ]
INFO: ShowRuntime Behavior ::run [ RunTime:0.001106s ]
INFO: [ view_filter ] --END-- [ RunTime:0.018707s ]
INFO: [ view_end ] --START--
INFO: ShowPageTrace Behavior ::run [ RunTime:0.011073s ]
INFO: [ view_end ] --END-- [ RunTime:0.011203s ]

[ 2014-10-24T20:53:32+08:00 ] 0.0.0.0 /horizoner.net/
INFO: [ app_begin ] --START--
INFO: ReadHtmlCache Behavior ::run [ RunTime:0.001087s ]
INFO: [ app_begin ] --END-- [ RunTime:0.001357s ]
INFO: [ view_parse ] --START--
INFO: ParseTemplate Behavior ::run [ RunTime:0.166449s ]
INFO: [ view_parse ] --END-- [ RunTime:0.166604s ]
INFO: [ view_filter ] --START--
INFO: ContentReplace Behavior ::run [ RunTime:0.000780s ]
INFO: TokenBuild Behavior ::run [ RunTime:0.000592s ]
INFO: WriteHtmlCache Behavior ::run [ RunTime:0.243753s ]
INFO: ShowRuntime Behavior ::run [ RunTime:0.000651s ]
INFO: [ view_filter ] --END-- [ RunTime:0.246117s ]
INFO: [ view_end ] --START--
INFO: ShowPageTrace Behavior ::run [ RunTime:0.000569s ]
INFO: [ view_end ] --END-- [ RunTime:0.000650s ]

[ 2014-10-24T20:53:48+08:00 ] 192.168.1.112 /horizoner.net/
INFO: [ app_begin ] --START--
INFO: ReadHtmlCache Behavior ::run [ RunTime:0.000669s ]
INFO: [ app_begin ] --END-- [ RunTime:0.000836s ]
INFO: [ view_parse ] --START--
INFO: ParseTemplate Behavior ::run [ RunTime:0.100702s ]
INFO: [ view_parse ] --END-- [ RunTime:0.100811s ]
INFO: [ view_filter ] --START--
INFO: ContentReplace Behavior ::run [ RunTime:0.000456s ]
INFO: TokenBuild Behavior ::run [ RunTime:0.000362s ]
INFO: WriteHtmlCache Behavior ::run [ RunTime:0.000228s ]
INFO: ShowRuntime Behavior ::run [ RunTime:0.000426s ]
INFO: [ view_filter ] --END-- [ RunTime:0.001689s ]
INFO: [ view_end ] --START--
INFO: ShowPageTrace Behavior ::run [ RunTime:0.000712s ]
INFO: [ view_end ] --END-- [ RunTime:0.000842s ]

[ 2014-10-24T20:53:52+08:00 ] 192.168.1.112 /horizoner.net/
INFO: [ app_begin ] --START--
INFO: ReadHtmlCache Behavior ::run [ RunTime:0.000464s ]
INFO: [ app_begin ] --END-- [ RunTime:0.000567s ]
INFO: [ view_parse ] --START--
INFO: ParseTemplate Behavior ::run [ RunTime:0.016377s ]
INFO: [ view_parse ] --END-- [ RunTime:0.016504s ]
INFO: [ view_filter ] --START--
INFO: ContentReplace Behavior ::run [ RunTime:0.000673s ]
INFO: TokenBuild Behavior ::run [ RunTime:0.000552s ]
INFO: WriteHtmlCache Behavior ::run [ RunTime:0.000442s ]
INFO: ShowRuntime Behavior ::run [ RunTime:0.000779s ]
INFO: [ view_filter ] --END-- [ RunTime:0.002865s ]
INFO: [ view_end ] --START--
INFO: ShowPageTrace Behavior ::run [ RunTime:0.000788s ]
INFO: [ view_end ] --END-- [ RunTime:0.000963s ]

[ 2014-10-24T20:54:34+08:00 ] 192.168.1.112 /horizoner.net/index.php/Index/Index/handle_work
INFO: [ route_check ] --START--
INFO: CheckRoute Behavior ::run [ RunTime:0.015386s ]
INFO: [ route_check ] --END-- [ RunTime:0.015529s ]
INFO: [ app_begin ] --START--
INFO: ReadHtmlCache Behavior ::run [ RunTime:0.000652s ]
INFO: [ app_begin ] --END-- [ RunTime:0.000758s ]
SQL: SHOW COLUMNS FROM `hz_work` [ RunTime:0.103566s ]
SQL: SELECT * FROM `hz_work` WHERE ( `id` = 11 ) LIMIT 1   [ RunTime:0.062852s ]
SQL: SELECT * FROM `hz_work` WHERE ( `id` = 12 ) LIMIT 1   [ RunTime:0.000293s ]
SQL: SELECT * FROM `hz_work` WHERE ( `id` = 13 ) LIMIT 1   [ RunTime:0.000196s ]
SQL: SELECT * FROM `hz_work` WHERE ( `id` = 14 ) LIMIT 1   [ RunTime:0.000209s ]
SQL: SELECT * FROM `hz_work` WHERE ( `id` = 15 ) LIMIT 1   [ RunTime:0.000215s ]

[ 2014-10-24T20:59:15+08:00 ] 192.168.1.112 /horizoner.net/index.php/Index/Index/handle_work
INFO: [ route_check ] --START--
INFO: CheckRoute Behavior ::run [ RunTime:0.000681s ]
INFO: [ route_check ] --END-- [ RunTime:0.000819s ]
INFO: [ app_begin ] --START--
INFO: ReadHtmlCache Behavior ::run [ RunTime:0.000536s ]
INFO: [ app_begin ] --END-- [ RunTime:0.000632s ]
SQL: SHOW COLUMNS FROM `hz_work` [ RunTime:0.006563s ]
SQL: SELECT * FROM `hz_work` WHERE ( `id` = 11 ) LIMIT 1   [ RunTime:0.000336s ]
SQL: SELECT * FROM `hz_work` WHERE ( `id` = 12 ) LIMIT 1   [ RunTime:0.000231s ]
SQL: SELECT * FROM `hz_work` WHERE ( `id` = 13 ) LIMIT 1   [ RunTime:0.000203s ]
SQL: SELECT * FROM `hz_work` WHERE ( `id` = 14 ) LIMIT 1   [ RunTime:0.000198s ]
SQL: SELECT * FROM `hz_work` WHERE ( `id` = 15 ) LIMIT 1   [ RunTime:0.000205s ]

[ 2014-10-24T21:00:35+08:00 ] 192.168.1.112 /horizoner.net/index.php/Index/Index/handle_work
INFO: [ route_check ] --START--
INFO: CheckRoute Behavior ::run [ RunTime:0.000611s ]
INFO: [ route_check ] --END-- [ RunTime:0.000718s ]
INFO: [ app_begin ] --START--
INFO: ReadHtmlCache Behavior ::run [ RunTime:0.000518s ]
INFO: [ app_begin ] --END-- [ RunTime:0.000601s ]
SQL: SHOW COLUMNS FROM `hz_work` [ RunTime:0.006509s ]
SQL: SELECT * FROM `hz_work` WHERE ( `id` = 11 ) LIMIT 1   [ RunTime:0.000315s ]
SQL: SELECT * FROM `hz_work` WHERE ( `id` = 12 ) LIMIT 1   [ RunTime:0.000229s ]
SQL: SELECT * FROM `hz_work` WHERE ( `id` = 13 ) LIMIT 1   [ RunTime:0.000215s ]
SQL: SELECT * FROM `hz_work` WHERE ( `id` = 14 ) LIMIT 1   [ RunTime:0.000206s ]
SQL: SELECT * FROM `hz_work` WHERE ( `id` = 15 ) LIMIT 1   [ RunTime:0.000205s ]

[ 2014-10-24T21:08:26+08:00 ] 192.168.1.112 /horizoner.net/index.php/Index/Index/handle_work
INFO: [ route_check ] --START--
INFO: CheckRoute Behavior ::run [ RunTime:0.001123s ]
INFO: [ route_check ] --END-- [ RunTime:0.001254s ]
INFO: [ app_begin ] --START--
INFO: ReadHtmlCache Behavior ::run [ RunTime:0.000489s ]
INFO: [ app_begin ] --END-- [ RunTime:0.000585s ]
SQL: SHOW COLUMNS FROM `hz_work` [ RunTime:0.006439s ]
SQL: SELECT * FROM `hz_work` WHERE ( `id` = 11 ) LIMIT 1   [ RunTime:0.000325s ]
SQL: SELECT * FROM `hz_work` WHERE ( `id` = 12 ) LIMIT 1   [ RunTime:0.000208s ]
SQL: SELECT * FROM `hz_work` WHERE ( `id` = 13 ) LIMIT 1   [ RunTime:0.000184s ]
SQL: SELECT * FROM `hz_work` WHERE ( `id` = 14 ) LIMIT 1   [ RunTime:0.000172s ]
SQL: SELECT * FROM `hz_work` WHERE ( `id` = 15 ) LIMIT 1   [ RunTime:0.000172s ]

[ 2014-10-24T21:09:10+08:00 ] 192.168.1.112 /horizoner.net/index.php/Index/Index/handle_work
INFO: [ route_check ] --START--
INFO: CheckRoute Behavior ::run [ RunTime:0.000607s ]
INFO: [ route_check ] --END-- [ RunTime:0.000718s ]
INFO: [ app_begin ] --START--
INFO: ReadHtmlCache Behavior ::run [ RunTime:0.000476s ]
INFO: [ app_begin ] --END-- [ RunTime:0.000587s ]

[ 2014-10-24T21:09:24+08:00 ] 192.168.1.112 /horizoner.net/index.php/Index/Index/handle_work
INFO: [ route_check ] --START--
INFO: CheckRoute Behavior ::run [ RunTime:0.000551s ]
INFO: [ route_check ] --END-- [ RunTime:0.000644s ]
INFO: [ app_begin ] --START--
INFO: ReadHtmlCache Behavior ::run [ RunTime:0.000425s ]
INFO: [ app_begin ] --END-- [ RunTime:0.000502s ]

[ 2014-10-24T21:11:39+08:00 ] 192.168.1.112 /horizoner.net/index.php/Index/Index/handle_work
INFO: [ route_check ] --START--
INFO: CheckRoute Behavior ::run [ RunTime:0.000714s ]
INFO: [ route_check ] --END-- [ RunTime:0.000818s ]
INFO: [ app_begin ] --START--
INFO: ReadHtmlCache Behavior ::run [ RunTime:0.000555s ]
INFO: [ app_begin ] --END-- [ RunTime:0.000654s ]

[ 2014-10-24T21:11:46+08:00 ] 192.168.1.112 /horizoner.net/index.php/Index/Index/handle_work
INFO: [ route_check ] --START--
INFO: CheckRoute Behavior ::run [ RunTime:0.000738s ]
INFO: [ route_check ] --END-- [ RunTime:0.000856s ]
INFO: [ app_begin ] --START--
INFO: ReadHtmlCache Behavior ::run [ RunTime:0.000510s ]
INFO: [ app_begin ] --END-- [ RunTime:0.000632s ]

[ 2014-10-24T21:12:03+08:00 ] 192.168.1.112 /horizoner.net/index.php/Index/Index/handle_work
INFO: [ route_check ] --START--
INFO: CheckRoute Behavior ::run [ RunTime:0.000549s ]
INFO: [ route_check ] --END-- [ RunTime:0.000652s ]
INFO: [ app_begin ] --START--
INFO: ReadHtmlCache Behavior ::run [ RunTime:0.000405s ]
INFO: [ app_begin ] --END-- [ RunTime:0.000482s ]

[ 2014-10-24T21:12:54+08:00 ] 192.168.1.112 /horizoner.net/index.php/Index/Index/handle_work
INFO: [ route_check ] --START--
INFO: CheckRoute Behavior ::run [ RunTime:0.001097s ]
INFO: [ route_check ] --END-- [ RunTime:0.001415s ]
INFO: [ app_begin ] --START--
INFO: ReadHtmlCache Behavior ::run [ RunTime:0.000598s ]
INFO: [ app_begin ] --END-- [ RunTime:0.000726s ]

[ 2014-10-24T21:13:41+08:00 ] 192.168.1.112 /horizoner.net/index.php/Index/Index/handle_work
INFO: [ route_check ] --START--
INFO: CheckRoute Behavior ::run [ RunTime:0.000758s ]
INFO: [ route_check ] --END-- [ RunTime:0.000887s ]
INFO: [ app_begin ] --START--
INFO: ReadHtmlCache Behavior ::run [ RunTime:0.000532s ]
INFO: [ app_begin ] --END-- [ RunTime:0.000680s ]

[ 2014-10-24T21:13:57+08:00 ] 192.168.1.112 /horizoner.net/index.php/Index/Index/handle_work
INFO: [ route_check ] --START--
INFO: CheckRoute Behavior ::run [ RunTime:0.000697s ]
INFO: [ route_check ] --END-- [ RunTime:0.000794s ]
INFO: [ app_begin ] --START--
INFO: ReadHtmlCache Behavior ::run [ RunTime:0.000462s ]
INFO: [ app_begin ] --END-- [ RunTime:0.000557s ]

[ 2014-10-24T21:14:53+08:00 ] 192.168.1.112 /horizoner.net/index.php/Index/Index/handle_work
INFO: [ route_check ] --START--
INFO: CheckRoute Behavior ::run [ RunTime:0.000576s ]
INFO: [ route_check ] --END-- [ RunTime:0.000675s ]
INFO: [ app_begin ] --START--
INFO: ReadHtmlCache Behavior ::run [ RunTime:0.000427s ]
INFO: [ app_begin ] --END-- [ RunTime:0.000505s ]

[ 2014-10-24T21:15:51+08:00 ] 192.168.1.112 /horizoner.net/index.php/Index/Index/handle_work
INFO: [ route_check ] --START--
INFO: CheckRoute Behavior ::run [ RunTime:0.000557s ]
INFO: [ route_check ] --END-- [ RunTime:0.000667s ]
INFO: [ app_begin ] --START--
INFO: ReadHtmlCache Behavior ::run [ RunTime:0.000407s ]
INFO: [ app_begin ] --END-- [ RunTime:0.000502s ]

[ 2014-10-24T21:16:02+08:00 ] 192.168.1.112 /horizoner.net/index.php
INFO: [ app_begin ] --START--
INFO: ReadHtmlCache Behavior ::run [ RunTime:0.000626s ]
INFO: [ app_begin ] --END-- [ RunTime:0.000738s ]
INFO: [ view_parse ] --START--
INFO: ParseTemplate Behavior ::run [ RunTime:0.016102s ]
INFO: [ view_parse ] --END-- [ RunTime:0.016203s ]
INFO: [ view_filter ] --START--
INFO: ContentReplace Behavior ::run [ RunTime:0.000526s ]
INFO: TokenBuild Behavior ::run [ RunTime:0.000442s ]
INFO: WriteHtmlCache Behavior ::run [ RunTime:0.000354s ]
INFO: ShowRuntime Behavior ::run [ RunTime:0.000585s ]
INFO: [ view_filter ] --END-- [ RunTime:0.002182s ]
INFO: [ view_end ] --START--
INFO: ShowPageTrace Behavior ::run [ RunTime:0.000600s ]
INFO: [ view_end ] --END-- [ RunTime:0.000683s ]

[ 2014-10-24T21:17:17+08:00 ] 0.0.0.0 /horizoner.net/index.php/Index/Index/handle_work
INFO: [ route_check ] --START--
INFO: CheckRoute Behavior ::run [ RunTime:0.000796s ]
INFO: [ route_check ] --END-- [ RunTime:0.000959s ]
INFO: [ app_begin ] --START--
INFO: ReadHtmlCache Behavior ::run [ RunTime:0.001406s ]
INFO: [ app_begin ] --END-- [ RunTime:0.001612s ]

[ 2014-10-24T21:17:22+08:00 ] 0.0.0.0 /horizoner.net/index.php
INFO: [ app_begin ] --START--
INFO: ReadHtmlCache Behavior ::run [ RunTime:0.000762s ]
INFO: [ app_begin ] --END-- [ RunTime:0.000927s ]
INFO: [ view_parse ] --START--
INFO: ParseTemplate Behavior ::run [ RunTime:0.018559s ]
INFO: [ view_parse ] --END-- [ RunTime:0.018784s ]
INFO: [ view_filter ] --START--
INFO: ContentReplace Behavior ::run [ RunTime:0.000464s ]
INFO: TokenBuild Behavior ::run [ RunTime:0.000335s ]
INFO: WriteHtmlCache Behavior ::run [ RunTime:0.000228s ]
INFO: ShowRuntime Behavior ::run [ RunTime:0.000485s ]
INFO: [ view_filter ] --END-- [ RunTime:0.001792s ]
INFO: [ view_end ] --START--
INFO: ShowPageTrace Behavior ::run [ RunTime:0.000717s ]
INFO: [ view_end ] --END-- [ RunTime:0.000860s ]

[ 2014-10-24T21:18:02+08:00 ] 192.168.1.112 /horizoner.net/index.php/Index/Index/handle_work
INFO: [ route_check ] --START--
INFO: CheckRoute Behavior ::run [ RunTime:0.001148s ]
INFO: [ route_check ] --END-- [ RunTime:0.001315s ]
INFO: [ app_begin ] --START--
INFO: ReadHtmlCache Behavior ::run [ RunTime:0.000771s ]
INFO: [ app_begin ] --END-- [ RunTime:0.000905s ]

[ 2014-10-24T21:18:14+08:00 ] 192.168.1.112 /horizoner.net/index.php
INFO: [ app_begin ] --START--
INFO: ReadHtmlCache Behavior ::run [ RunTime:0.000518s ]
INFO: [ app_begin ] --END-- [ RunTime:0.000616s ]
INFO: [ view_parse ] --START--
INFO: ParseTemplate Behavior ::run [ RunTime:0.019854s ]
INFO: [ view_parse ] --END-- [ RunTime:0.019950s ]
INFO: [ view_filter ] --START--
INFO: ContentReplace Behavior ::run [ RunTime:0.000503s ]
INFO: TokenBuild Behavior ::run [ RunTime:0.000410s ]
INFO: WriteHtmlCache Behavior ::run [ RunTime:0.000269s ]
INFO: ShowRuntime Behavior ::run [ RunTime:0.000523s ]
INFO: [ view_filter ] --END-- [ RunTime:0.001919s ]
INFO: [ view_end ] --START--
INFO: ShowPageTrace Behavior ::run [ RunTime:0.000640s ]
INFO: [ view_end ] --END-- [ RunTime:0.000775s ]

[ 2014-10-24T21:19:14+08:00 ] 0.0.0.0 /horizoner.net/index.php
INFO: [ app_begin ] --START--
INFO: ReadHtmlCache Behavior ::run [ RunTime:0.000784s ]
INFO: [ app_begin ] --END-- [ RunTime:0.000961s ]
INFO: [ view_parse ] --START--
INFO: ParseTemplate Behavior ::run [ RunTime:0.017975s ]
INFO: [ view_parse ] --END-- [ RunTime:0.018107s ]
INFO: [ view_filter ] --START--
INFO: ContentReplace Behavior ::run [ RunTime:0.000492s ]
INFO: TokenBuild Behavior ::run [ RunTime:0.000344s ]
INFO: WriteHtmlCache Behavior ::run [ RunTime:0.000229s ]
INFO: ShowRuntime Behavior ::run [ RunTime:0.000450s ]
INFO: [ view_filter ] --END-- [ RunTime:0.001738s ]
INFO: [ view_end ] --START--
INFO: ShowPageTrace Behavior ::run [ RunTime:0.000463s ]
INFO: [ view_end ] --END-- [ RunTime:0.000542s ]

[ 2014-10-24T21:19:29+08:00 ] 192.168.1.112 /horizoner.net/index.php/Index/Index/handle_work
INFO: [ route_check ] --START--
INFO: CheckRoute Behavior ::run [ RunTime:0.000596s ]
INFO: [ route_check ] --END-- [ RunTime:0.000697s ]
INFO: [ app_begin ] --START--
INFO: ReadHtmlCache Behavior ::run [ RunTime:0.000430s ]
INFO: [ app_begin ] --END-- [ RunTime:0.000509s ]
SQL: SHOW COLUMNS FROM `hz_work` [ RunTime:0.006293s ]
SQL: SELECT * FROM `hz_work` WHERE ( `id` = 11 ) LIMIT 1   [ RunTime:0.000333s ]
SQL: SELECT * FROM `hz_work` WHERE ( `id` = 12 ) LIMIT 1   [ RunTime:0.000217s ]
SQL: SELECT * FROM `hz_work` WHERE ( `id` = 13 ) LIMIT 1   [ RunTime:0.000220s ]
SQL: SELECT * FROM `hz_work` WHERE ( `id` = 14 ) LIMIT 1   [ RunTime:0.000221s ]
SQL: SELECT * FROM `hz_work` WHERE ( `id` = 15 ) LIMIT 1   [ RunTime:0.000196s ]

[ 2014-10-24T21:23:54+08:00 ] 192.168.1.112 /horizoner.net/index.php/Index/Index/handle_work
INFO: [ route_check ] --START--
INFO: CheckRoute Behavior ::run [ RunTime:0.000712s ]
INFO: [ route_check ] --END-- [ RunTime:0.000818s ]
INFO: [ app_begin ] --START--
INFO: ReadHtmlCache Behavior ::run [ RunTime:0.000484s ]
INFO: [ app_begin ] --END-- [ RunTime:0.000574s ]
SQL: SHOW COLUMNS FROM `hz_work` [ RunTime:0.006200s ]
SQL: SELECT * FROM `hz_work` WHERE ( `id` = 11 ) LIMIT 1   [ RunTime:0.000305s ]
SQL: SELECT * FROM `hz_work` WHERE ( `id` = 12 ) LIMIT 1   [ RunTime:0.000183s ]
SQL: SELECT * FROM `hz_work` WHERE ( `id` = 13 ) LIMIT 1   [ RunTime:0.000177s ]
SQL: SELECT * FROM `hz_work` WHERE ( `id` = 14 ) LIMIT 1   [ RunTime:0.000174s ]
SQL: SELECT * FROM `hz_work` WHERE ( `id` = 15 ) LIMIT 1   [ RunTime:0.000200s ]

[ 2014-10-24T21:25:22+08:00 ] 192.168.1.112 /horizoner.net/index.php/Index/Index/handle_work
INFO: [ route_check ] --START--
INFO: CheckRoute Behavior ::run [ RunTime:0.000576s ]
INFO: [ route_check ] --END-- [ RunTime:0.000677s ]
INFO: [ app_begin ] --START--
INFO: ReadHtmlCache Behavior ::run [ RunTime:0.000408s ]
INFO: [ app_begin ] --END-- [ RunTime:0.000486s ]
SQL: SHOW COLUMNS FROM `hz_work` [ RunTime:0.005792s ]
SQL: SELECT * FROM `hz_work` WHERE ( `id` = 11 ) LIMIT 1   [ RunTime:0.000289s ]
SQL: SELECT * FROM `hz_work` WHERE ( `id` = 12 ) LIMIT 1   [ RunTime:0.000180s ]
SQL: SELECT * FROM `hz_work` WHERE ( `id` = 13 ) LIMIT 1   [ RunTime:0.000206s ]
SQL: SELECT * FROM `hz_work` WHERE ( `id` = 14 ) LIMIT 1   [ RunTime:0.000191s ]
SQL: SELECT * FROM `hz_work` WHERE ( `id` = 15 ) LIMIT 1   [ RunTime:0.000180s ]

[ 2014-10-24T21:26:03+08:00 ] 192.168.1.112 /horizoner.net/index.php/Index/Index/handle_wor
INFO: [ route_check ] --START--
INFO: CheckRoute Behavior ::run [ RunTime:0.000805s ]
INFO: [ route_check ] --END-- [ RunTime:0.000918s ]
INFO: [ app_begin ] --START--
INFO: ReadHtmlCache Behavior ::run [ RunTime:0.000485s ]
INFO: [ app_begin ] --END-- [ RunTime:0.000567s ]
ERR: 非法操作:handle_wor

[ 2014-10-24T21:27:29+08:00 ] 192.168.1.112 /horizoner.net/index.php/Index/Index/handle_wor
INFO: [ route_check ] --START--
INFO: CheckRoute Behavior ::run [ RunTime:0.000569s ]
INFO: [ route_check ] --END-- [ RunTime:0.000668s ]
INFO: [ app_begin ] --START--
INFO: ReadHtmlCache Behavior ::run [ RunTime:0.000434s ]
INFO: [ app_begin ] --END-- [ RunTime:0.000511s ]
ERR: 非法操作:handle_wor

[ 2014-10-24T21:27:47+08:00 ] 192.168.1.112 /horizoner.net/index.php/Index/Index/handle_work
INFO: [ route_check ] --START--
INFO: CheckRoute Behavior ::run [ RunTime:0.000600s ]
INFO: [ route_check ] --END-- [ RunTime:0.000715s ]
INFO: [ app_begin ] --START--
INFO: ReadHtmlCache Behavior ::run [ RunTime:0.000464s ]
INFO: [ app_begin ] --END-- [ RunTime:0.000563s ]
SQL: SHOW COLUMNS FROM `hz_work` [ RunTime:0.006079s ]
SQL: SELECT * FROM `hz_work` WHERE ( `id` = 11 ) LIMIT 1   [ RunTime:0.000305s ]
SQL: SELECT * FROM `hz_work` WHERE ( `id` = 12 ) LIMIT 1   [ RunTime:0.000219s ]
SQL: SELECT * FROM `hz_work` WHERE ( `id` = 13 ) LIMIT 1   [ RunTime:0.000212s ]
SQL: SELECT * FROM `hz_work` WHERE ( `id` = 14 ) LIMIT 1   [ RunTime:0.000189s ]
SQL: SELECT * FROM `hz_work` WHERE ( `id` = 15 ) LIMIT 1   [ RunTime:0.000199s ]

[ 2014-10-24T21:28:27+08:00 ] 192.168.1.112 /horizoner.net/index.php/Index/Index/handle_work
INFO: [ route_check ] --START--
INFO: CheckRoute Behavior ::run [ RunTime:0.000705s ]
INFO: [ route_check ] --END-- [ RunTime:0.000801s ]
INFO: [ app_begin ] --START--
INFO: ReadHtmlCache Behavior ::run [ RunTime:0.000462s ]
INFO: [ app_begin ] --END-- [ RunTime:0.000560s ]
SQL: SHOW COLUMNS FROM `hz_work` [ RunTime:0.005794s ]
SQL: SELECT * FROM `hz_work` WHERE ( `id` = 11 ) LIMIT 1   [ RunTime:0.000292s ]
SQL: SELECT * FROM `hz_work` WHERE ( `id` = 12 ) LIMIT 1   [ RunTime:0.000181s ]
SQL: SELECT * FROM `hz_work` WHERE ( `id` = 13 ) LIMIT 1   [ RunTime:0.000172s ]
SQL: SELECT * FROM `hz_work` WHERE ( `id` = 14 ) LIMIT 1   [ RunTime:0.000163s ]
SQL: SELECT * FROM `hz_work` WHERE ( `id` = 15 ) LIMIT 1   [ RunTime:0.000186s ]

[ 2014-10-24T21:29:41+08:00 ] 192.168.1.112 /horizoner.net/index.php/Index/Index/handle_work
INFO: [ route_check ] --START--
INFO: CheckRoute Behavior ::run [ RunTime:0.000649s ]
INFO: [ route_check ] --END-- [ RunTime:0.000756s ]
INFO: [ app_begin ] --START--
INFO: ReadHtmlCache Behavior ::run [ RunTime:0.000489s ]
INFO: [ app_begin ] --END-- [ RunTime:0.000621s ]
SQL: SHOW COLUMNS FROM `hz_work` [ RunTime:0.005949s ]
SQL: SELECT * FROM `hz_work` WHERE ( `id` = 11 ) LIMIT 1   [ RunTime:0.000323s ]
SQL: SELECT * FROM `hz_work` WHERE ( `id` = 12 ) LIMIT 1   [ RunTime:0.000377s ]
SQL: SELECT * FROM `hz_work` WHERE ( `id` = 13 ) LIMIT 1   [ RunTime:0.000350s ]
SQL: SELECT * FROM `hz_work` WHERE ( `id` = 14 ) LIMIT 1   [ RunTime:0.000212s ]
SQL: SELECT * FROM `hz_work` WHERE ( `id` = 15 ) LIMIT 1   [ RunTime:0.000179s ]

[ 2014-10-24T21:32:30+08:00 ] 0.0.0.0 /horizoner.net/index.php/Index/Index/handle_work
INFO: [ route_check ] --START--
INFO: CheckRoute Behavior ::run [ RunTime:0.001072s ]
INFO: [ route_check ] --END-- [ RunTime:0.001259s ]
INFO: [ app_begin ] --START--
INFO: ReadHtmlCache Behavior ::run [ RunTime:0.000895s ]
INFO: [ app_begin ] --END-- [ RunTime:0.001031s ]
SQL: SHOW COLUMNS FROM `hz_work` [ RunTime:0.007660s ]
SQL: SELECT * FROM `hz_work` WHERE ( `id` = 11 ) LIMIT 1   [ RunTime:0.000303s ]
SQL: SELECT * FROM `hz_work` WHERE ( `id` = 12 ) LIMIT 1   [ RunTime:0.000214s ]
SQL: SELECT * FROM `hz_work` WHERE ( `id` = 13 ) LIMIT 1   [ RunTime:0.000265s ]
SQL: SELECT * FROM `hz_work` WHERE ( `id` = 14 ) LIMIT 1   [ RunTime:0.000237s ]
SQL: SELECT * FROM `hz_work` WHERE ( `id` = 15 ) LIMIT 1   [ RunTime:0.000224s ]

[ 2014-10-24T21:32:52+08:00 ] 0.0.0.0 /horizoner.net/index.php/__PUBLIC__
INFO: [ route_check ] --START--
INFO: CheckRoute Behavior ::run [ RunTime:0.000863s ]
INFO: [ route_check ] --END-- [ RunTime:0.000987s ]
INFO: [ app_begin ] --START--
INFO: ReadHtmlCache Behavior ::run [ RunTime:0.000578s ]
INFO: [ app_begin ] --END-- [ RunTime:0.000679s ]
NOTIC: [8] Undefined variable: group D:\wamp\www\horizoner.net\ThinkPHP\Lib\Core\App.class.php 第 95 行.
ERR: 无法加载模块:__PUBLIC__

[ 2014-10-24T21:32:58+08:00 ] 0.0.0.0 /horizoner.net/index.php
INFO: [ app_begin ] --START--
INFO: ReadHtmlCache Behavior ::run [ RunTime:0.000587s ]
INFO: [ app_begin ] --END-- [ RunTime:0.000844s ]
INFO: [ view_parse ] --START--
INFO: ParseTemplate Behavior ::run [ RunTime:0.081129s ]
INFO: [ view_parse ] --END-- [ RunTime:0.081240s ]
INFO: [ view_filter ] --START--
INFO: ContentReplace Behavior ::run [ RunTime:0.000547s ]
INFO: TokenBuild Behavior ::run [ RunTime:0.000406s ]
INFO: WriteHtmlCache Behavior ::run [ RunTime:0.000292s ]
INFO: ShowRuntime Behavior ::run [ RunTime:0.000504s ]
INFO: [ view_filter ] --END-- [ RunTime:0.001972s ]
INFO: [ view_end ] --START--
INFO: ShowPageTrace Behavior ::run [ RunTime:0.000534s ]
INFO: [ view_end ] --END-- [ RunTime:0.000615s ]

[ 2014-10-24T21:33:52+08:00 ] 0.0.0.0 /horizoner.net/index.php/__PUBLIC__
INFO: [ route_check ] --START--
INFO: CheckRoute Behavior ::run [ RunTime:0.001060s ]
INFO: [ route_check ] --END-- [ RunTime:0.001217s ]
INFO: [ app_begin ] --START--
INFO: ReadHtmlCache Behavior ::run [ RunTime:0.000565s ]
INFO: [ app_begin ] --END-- [ RunTime:0.000674s ]
NOTIC: [8] Undefined variable: group D:\wamp\www\horizoner.net\ThinkPHP\Lib\Core\App.class.php 第 95 行.
ERR: 无法加载模块:__PUBLIC__

[ 2014-10-24T21:33:57+08:00 ] 0.0.0.0 /horizoner.net/index.php
INFO: [ app_begin ] --START--
INFO: ReadHtmlCache Behavior ::run [ RunTime:0.000587s ]
INFO: [ app_begin ] --END-- [ RunTime:0.000696s ]
INFO: [ view_parse ] --START--
INFO: ParseTemplate Behavior ::run [ RunTime:0.022022s ]
INFO: [ view_parse ] --END-- [ RunTime:0.022130s ]
INFO: [ view_filter ] --START--
INFO: ContentReplace Behavior ::run [ RunTime:0.000578s ]
INFO: TokenBuild Behavior ::run [ RunTime:0.000608s ]
INFO: WriteHtmlCache Behavior ::run [ RunTime:0.000412s ]
INFO: ShowRuntime Behavior ::run [ RunTime:0.000743s ]
INFO: [ view_filter ] --END-- [ RunTime:0.002679s ]
INFO: [ view_end ] --START--
INFO: ShowPageTrace Behavior ::run [ RunTime:0.000823s ]
INFO: [ view_end ] --END-- [ RunTime:0.000961s ]

[ 2014-10-24T21:35:45+08:00 ] 0.0.0.0 /horizoner.net/index.php/public
INFO: [ route_check ] --START--
INFO: CheckRoute Behavior ::run [ RunTime:0.000796s ]
INFO: [ route_check ] --END-- [ RunTime:0.000915s ]
INFO: [ app_begin ] --START--
INFO: ReadHtmlCache Behavior ::run [ RunTime:0.001348s ]
INFO: [ app_begin ] --END-- [ RunTime:0.001654s ]
ERR: 无法加载模块:public

[ 2014-10-24T21:35:50+08:00 ] 0.0.0.0 /horizoner.net/index.php
INFO: [ app_begin ] --START--
INFO: ReadHtmlCache Behavior ::run [ RunTime:0.000532s ]
INFO: [ app_begin ] --END-- [ RunTime:0.000659s ]
INFO: [ view_parse ] --START--
INFO: ParseTemplate Behavior ::run [ RunTime:0.018149s ]
INFO: [ view_parse ] --END-- [ RunTime:0.018259s ]
INFO: [ view_filter ] --START--
INFO: ContentReplace Behavior ::run [ RunTime:0.000559s ]
INFO: TokenBuild Behavior ::run [ RunTime:0.000380s ]
INFO: WriteHtmlCache Behavior ::run [ RunTime:0.000314s ]
INFO: ShowRuntime Behavior ::run [ RunTime:0.000666s ]
INFO: [ view_filter ] --END-- [ RunTime:0.002151s ]
INFO: [ view_end ] --START--
INFO: ShowPageTrace Behavior ::run [ RunTime:0.000750s ]
INFO: [ view_end ] --END-- [ RunTime:0.000870s ]

[ 2014-10-24T21:40:08+08:00 ] 192.168.1.112 /horizoner.net/index.php/Index/Index/handle_work
INFO: [ route_check ] --START--
INFO: CheckRoute Behavior ::run [ RunTime:0.000853s ]
INFO: [ route_check ] --END-- [ RunTime:0.001004s ]
INFO: [ app_begin ] --START--
INFO: ReadHtmlCache Behavior ::run [ RunTime:0.001041s ]
INFO: [ app_begin ] --END-- [ RunTime:0.001207s ]
SQL: SHOW COLUMNS FROM `hz_work` [ RunTime:0.008979s ]
SQL: SELECT * FROM `hz_work` WHERE ( `id` = 11 ) LIMIT 1   [ RunTime:0.000353s ]
SQL: SELECT * FROM `hz_work` WHERE ( `id` = 12 ) LIMIT 1   [ RunTime:0.000294s ]
SQL: SELECT * FROM `hz_work` WHERE ( `id` = 13 ) LIMIT 1   [ RunTime:0.000354s ]
SQL: SELECT * FROM `hz_work` WHERE ( `id` = 14 ) LIMIT 1   [ RunTime:0.000301s ]
SQL: SELECT * FROM `hz_work` WHERE ( `id` = 15 ) LIMIT 1   [ RunTime:0.000492s ]

[ 2014-10-24T21:40:48+08:00 ] 192.168.1.112 /horizoner.net/index.php/Index/Index/handle_work
INFO: [ route_check ] --START--
INFO: CheckRoute Behavior ::run [ RunTime:0.000604s ]
INFO: [ route_check ] --END-- [ RunTime:0.000709s ]
INFO: [ app_begin ] --START--
INFO: ReadHtmlCache Behavior ::run [ RunTime:0.000461s ]
INFO: [ app_begin ] --END-- [ RunTime:0.000558s ]
SQL: SHOW COLUMNS FROM `hz_work` [ RunTime:0.006557s ]
SQL: SELECT * FROM `hz_work` WHERE ( `id` = 11 ) LIMIT 1   [ RunTime:0.000349s ]
SQL: SELECT * FROM `hz_work` WHERE ( `id` = 12 ) LIMIT 1   [ RunTime:0.000276s ]
SQL: SELECT * FROM `hz_work` WHERE ( `id` = 13 ) LIMIT 1   [ RunTime:0.000278s ]
SQL: SELECT * FROM `hz_work` WHERE ( `id` = 14 ) LIMIT 1   [ RunTime:0.000280s ]
SQL: SELECT * FROM `hz_work` WHERE ( `id` = 15 ) LIMIT 1   [ RunTime:0.000295s ]

[ 2014-10-24T21:41:44+08:00 ] 192.168.1.112 /horizoner.net/index.php/Index/Index/handle_work
INFO: [ route_check ] --START--
INFO: CheckRoute Behavior ::run [ RunTime:0.000608s ]
INFO: [ route_check ] --END-- [ RunTime:0.000716s ]
INFO: [ app_begin ] --START--
INFO: ReadHtmlCache Behavior ::run [ RunTime:0.000457s ]
INFO: [ app_begin ] --END-- [ RunTime:0.000540s ]
SQL: SHOW COLUMNS FROM `hz_work` [ RunTime:0.006062s ]
SQL: SELECT * FROM `hz_work` WHERE ( `id` = 11 ) LIMIT 1   [ RunTime:0.000282s ]
SQL: SELECT * FROM `hz_work` WHERE ( `id` = 12 ) LIMIT 1   [ RunTime:0.000202s ]
SQL: SELECT * FROM `hz_work` WHERE ( `id` = 13 ) LIMIT 1   [ RunTime:0.000182s ]
SQL: SELECT * FROM `hz_work` WHERE ( `id` = 14 ) LIMIT 1   [ RunTime:0.000181s ]
SQL: SELECT * FROM `hz_work` WHERE ( `id` = 15 ) LIMIT 1   [ RunTime:0.000172s ]

[ 2014-10-24T21:43:59+08:00 ] 192.168.1.112 /horizoner.net/index.php/Index/Index/handle_work
INFO: [ route_check ] --START--
INFO: CheckRoute Behavior ::run [ RunTime:0.000870s ]
INFO: [ route_check ] --END-- [ RunTime:0.000994s ]
INFO: [ app_begin ] --START--
INFO: ReadHtmlCache Behavior ::run [ RunTime:0.000612s ]
INFO: [ app_begin ] --END-- [ RunTime:0.000708s ]
SQL: SHOW COLUMNS FROM `hz_work` [ RunTime:0.007438s ]
SQL: SELECT * FROM `hz_work` WHERE ( `id` = 11 ) LIMIT 1   [ RunTime:0.000333s ]
SQL: SELECT * FROM `hz_work` WHERE ( `id` = 12 ) LIMIT 1   [ RunTime:0.000212s ]
SQL: SELECT * FROM `hz_work` WHERE ( `id` = 13 ) LIMIT 1   [ RunTime:0.000238s ]
SQL: SELECT * FROM `hz_work` WHERE ( `id` = 14 ) LIMIT 1   [ RunTime:0.000218s ]
SQL: SELECT * FROM `hz_work` WHERE ( `id` = 15 ) LIMIT 1   [ RunTime:0.000199s ]

[ 2014-10-24T21:51:50+08:00 ] 192.168.1.112 /horizoner.net/index.php/Index/Index/handle_work
INFO: [ route_check ] --START--
INFO: CheckRoute Behavior ::run [ RunTime:0.001136s ]
INFO: [ route_check ] --END-- [ RunTime:0.001310s ]
INFO: [ app_begin ] --START--
INFO: ReadHtmlCache Behavior ::run [ RunTime:0.000876s ]
INFO: [ app_begin ] --END-- [ RunTime:0.001049s ]
SQL: SHOW COLUMNS FROM `hz_work` [ RunTime:0.014337s ]
SQL: SELECT * FROM `hz_work` WHERE ( `id` = 11 ) LIMIT 1   [ RunTime:0.000341s ]
SQL: SELECT * FROM `hz_work` WHERE ( `id` = 12 ) LIMIT 1   [ RunTime:0.000204s ]
SQL: SELECT * FROM `hz_work` WHERE ( `id` = 13 ) LIMIT 1   [ RunTime:0.000175s ]
SQL: SELECT * FROM `hz_work` WHERE ( `id` = 14 ) LIMIT 1   [ RunTime:0.000176s ]
SQL: SELECT * FROM `hz_work` WHERE ( `id` = 15 ) LIMIT 1   [ RunTime:0.000240s ]

[ 2014-10-24T21:53:07+08:00 ] 192.168.1.112 /horizoner.net/index.php/Index/Index/handle_work
INFO: [ route_check ] --START--
INFO: CheckRoute Behavior ::run [ RunTime:0.000843s ]
INFO: [ route_check ] --END-- [ RunTime:0.000977s ]
INFO: [ app_begin ] --START--
INFO: ReadHtmlCache Behavior ::run [ RunTime:0.000485s ]
INFO: [ app_begin ] --END-- [ RunTime:0.000570s ]
SQL: SHOW COLUMNS FROM `hz_work` [ RunTime:0.006715s ]
SQL: SELECT * FROM `hz_work` WHERE ( `id` = 11 ) LIMIT 1   [ RunTime:0.000317s ]
SQL: SELECT * FROM `hz_work` WHERE ( `id` = 12 ) LIMIT 1   [ RunTime:0.000222s ]
SQL: SELECT * FROM `hz_work` WHERE ( `id` = 13 ) LIMIT 1   [ RunTime:0.000266s ]
SQL: SELECT * FROM `hz_work` WHERE ( `id` = 14 ) LIMIT 1   [ RunTime:0.000236s ]
SQL: SELECT * FROM `hz_work` WHERE ( `id` = 15 ) LIMIT 1   [ RunTime:0.000207s ]

[ 2014-10-24T22:17:28+08:00 ] 192.168.1.105 /horizoner.net/
INFO: [ app_begin ] --START--
INFO: ReadHtmlCache Behavior ::run [ RunTime:0.000597s ]
INFO: [ app_begin ] --END-- [ RunTime:0.000698s ]
INFO: [ view_parse ] --START--
INFO: ParseTemplate Behavior ::run [ RunTime:0.015643s ]
INFO: [ view_parse ] --END-- [ RunTime:0.015751s ]
INFO: [ view_filter ] --START--
INFO: ContentReplace Behavior ::run [ RunTime:0.000555s ]
INFO: TokenBuild Behavior ::run [ RunTime:0.000387s ]
INFO: WriteHtmlCache Behavior ::run [ RunTime:0.000359s ]
INFO: ShowRuntime Behavior ::run [ RunTime:0.000651s ]
INFO: [ view_filter ] --END-- [ RunTime:0.002196s ]
INFO: [ view_end ] --START--
INFO: ShowPageTrace Behavior ::run [ RunTime:0.000516s ]
INFO: [ view_end ] --END-- [ RunTime:0.000604s ]

[ 2014-10-24T22:17:43+08:00 ] 192.168.1.105 /horizoner.net/index.php/Index/Index/handle_about
INFO: [ route_check ] --START--
INFO: CheckRoute Behavior ::run [ RunTime:0.000733s ]
INFO: [ route_check ] --END-- [ RunTime:0.000833s ]
INFO: [ app_begin ] --START--
INFO: ReadHtmlCache Behavior ::run [ RunTime:0.000465s ]
INFO: [ app_begin ] --END-- [ RunTime:0.000532s ]
SQL: SHOW COLUMNS FROM `hz_family` [ RunTime:0.147942s ]
SQL: SELECT * FROM `hz_family` WHERE ( `id` = 6 ) LIMIT 1   [ RunTime:0.003209s ]
SQL: SELECT * FROM `hz_family` WHERE ( `id` = 7 ) LIMIT 1   [ RunTime:0.000257s ]
SQL: SELECT * FROM `hz_family` WHERE ( `id` = 8 ) LIMIT 1   [ RunTime:0.000201s ]
SQL: SELECT * FROM `hz_family` WHERE ( `id` = 9 ) LIMIT 1   [ RunTime:0.000186s ]
SQL: SELECT * FROM `hz_family` WHERE ( `id` = 10 ) LIMIT 1   [ RunTime:0.000174s ]

[ 2014-10-24T22:17:45+08:00 ] 192.168.1.105 /horizoner.net/index.php/Index/Index/handle_about
INFO: [ route_check ] --START--
INFO: CheckRoute Behavior ::run [ RunTime:0.000552s ]
INFO: [ route_check ] --END-- [ RunTime:0.000651s ]
INFO: [ app_begin ] --START--
INFO: ReadHtmlCache Behavior ::run [ RunTime:0.000404s ]
INFO: [ app_begin ] --END-- [ RunTime:0.000490s ]
SQL: SHOW COLUMNS FROM `hz_family` [ RunTime:0.006056s ]
SQL: SELECT * FROM `hz_family` WHERE ( `id` = 6 ) LIMIT 1   [ RunTime:0.000371s ]
SQL: SELECT * FROM `hz_family` WHERE ( `id` = 7 ) LIMIT 1   [ RunTime:0.000194s ]
SQL: SELECT * FROM `hz_family` WHERE ( `id` = 8 ) LIMIT 1   [ RunTime:0.000198s ]
SQL: SELECT * FROM `hz_family` WHERE ( `id` = 9 ) LIMIT 1   [ RunTime:0.000187s ]
SQL: SELECT * FROM `hz_family` WHERE ( `id` = 10 ) LIMIT 1   [ RunTime:0.000164s ]

[ 2014-10-24T22:17:46+08:00 ] 192.168.1.105 /horizoner.net/index.php/Index/Index/handle_about
INFO: [ route_check ] --START--
INFO: CheckRoute Behavior ::run [ RunTime:0.000637s ]
INFO: [ route_check ] --END-- [ RunTime:0.000737s ]
INFO: [ app_begin ] --START--
INFO: ReadHtmlCache Behavior ::run [ RunTime:0.000415s ]
INFO: [ app_begin ] --END-- [ RunTime:0.000486s ]
SQL: SHOW COLUMNS FROM `hz_family` [ RunTime:0.006046s ]
SQL: SELECT * FROM `hz_family` WHERE ( `id` = 6 ) LIMIT 1   [ RunTime:0.000286s ]
SQL: SELECT * FROM `hz_family` WHERE ( `id` = 7 ) LIMIT 1   [ RunTime:0.000194s ]
SQL: SELECT * FROM `hz_family` WHERE ( `id` = 8 ) LIMIT 1   [ RunTime:0.000172s ]
SQL: SELECT * FROM `hz_family` WHERE ( `id` = 9 ) LIMIT 1   [ RunTime:0.000182s ]
SQL: SELECT * FROM `hz_family` WHERE ( `id` = 10 ) LIMIT 1   [ RunTime:0.000171s ]

[ 2014-10-24T22:17:47+08:00 ] 192.168.1.105 /horizoner.net/index.php/Index/Index/handle_about
INFO: [ route_check ] --START--
INFO: CheckRoute Behavior ::run [ RunTime:0.000776s ]
INFO: [ route_check ] --END-- [ RunTime:0.000895s ]
INFO: [ app_begin ] --START--
INFO: ReadHtmlCache Behavior ::run [ RunTime:0.000491s ]
INFO: [ app_begin ] --END-- [ RunTime:0.000581s ]
SQL: SHOW COLUMNS FROM `hz_family` [ RunTime:0.006652s ]
SQL: SELECT * FROM `hz_family` WHERE ( `id` = 6 ) LIMIT 1   [ RunTime:0.000325s ]
SQL: SELECT * FROM `hz_family` WHERE ( `id` = 7 ) LIMIT 1   [ RunTime:0.000219s ]
SQL: SELECT * FROM `hz_family` WHERE ( `id` = 8 ) LIMIT 1   [ RunTime:0.000202s ]
SQL: SELECT * FROM `hz_family` WHERE ( `id` = 9 ) LIMIT 1   [ RunTime:0.000196s ]
SQL: SELECT * FROM `hz_family` WHERE ( `id` = 10 ) LIMIT 1   [ RunTime:0.000193s ]

[ 2014-10-24T22:17:47+08:00 ] 192.168.1.105 /horizoner.net/index.php/Index/Index/handle_about
INFO: [ route_check ] --START--
INFO: CheckRoute Behavior ::run [ RunTime:0.000606s ]
INFO: [ route_check ] --END-- [ RunTime:0.000706s ]
INFO: [ app_begin ] --START--
INFO: ReadHtmlCache Behavior ::run [ RunTime:0.000410s ]
INFO: [ app_begin ] --END-- [ RunTime:0.000479s ]
SQL: SHOW COLUMNS FROM `hz_family` [ RunTime:0.004102s ]
SQL: SELECT * FROM `hz_family` WHERE ( `id` = 6 ) LIMIT 1   [ RunTime:0.000253s ]
SQL: SELECT * FROM `hz_family` WHERE ( `id` = 7 ) LIMIT 1   [ RunTime:0.000242s ]
SQL: SELECT * FROM `hz_family` WHERE ( `id` = 8 ) LIMIT 1   [ RunTime:0.000222s ]
SQL: SELECT * FROM `hz_family` WHERE ( `id` = 9 ) LIMIT 1   [ RunTime:0.000207s ]
SQL: SELECT * FROM `hz_family` WHERE ( `id` = 10 ) LIMIT 1   [ RunTime:0.000199s ]

[ 2014-10-24T22:17:47+08:00 ] 192.168.1.105 /horizoner.net/index.php/Index/Index/handle_about
INFO: [ route_check ] --START--
INFO: CheckRoute Behavior ::run [ RunTime:0.000594s ]
INFO: [ route_check ] --END-- [ RunTime:0.000695s ]
INFO: [ app_begin ] --START--
INFO: ReadHtmlCache Behavior ::run [ RunTime:0.000419s ]
INFO: [ app_begin ] --END-- [ RunTime:0.000498s ]
SQL: SHOW COLUMNS FROM `hz_family` [ RunTime:0.003354s ]
SQL: SELECT * FROM `hz_family` WHERE ( `id` = 6 ) LIMIT 1   [ RunTime:0.000266s ]
SQL: SELECT * FROM `hz_family` WHERE ( `id` = 7 ) LIMIT 1   [ RunTime:0.000170s ]
SQL: SELECT * FROM `hz_family` WHERE ( `id` = 8 ) LIMIT 1   [ RunTime:0.000170s ]
SQL: SELECT * FROM `hz_family` WHERE ( `id` = 9 ) LIMIT 1   [ RunTime:0.000168s ]
SQL: SELECT * FROM `hz_family` WHERE ( `id` = 10 ) LIMIT 1   [ RunTime:0.000167s ]

[ 2014-10-24T22:17:47+08:00 ] 192.168.1.105 /horizoner.net/index.php/Index/Index/handle_about
INFO: [ route_check ] --START--
INFO: CheckRoute Behavior ::run [ RunTime:0.000567s ]
INFO: [ route_check ] --END-- [ RunTime:0.000668s ]
INFO: [ app_begin ] --START--
INFO: ReadHtmlCache Behavior ::run [ RunTime:0.000466s ]
INFO: [ app_begin ] --END-- [ RunTime:0.000535s ]
SQL: SHOW COLUMNS FROM `hz_family` [ RunTime:0.003165s ]
SQL: SELECT * FROM `hz_family` WHERE ( `id` = 6 ) LIMIT 1   [ RunTime:0.000259s ]
SQL: SELECT * FROM `hz_family` WHERE ( `id` = 7 ) LIMIT 1   [ RunTime:0.000168s ]
SQL: SELECT * FROM `hz_family` WHERE ( `id` = 8 ) LIMIT 1   [ RunTime:0.000175s ]
SQL: SELECT * FROM `hz_family` WHERE ( `id` = 9 ) LIMIT 1   [ RunTime:0.000166s ]
SQL: SELECT * FROM `hz_family` WHERE ( `id` = 10 ) LIMIT 1   [ RunTime:0.000162s ]

[ 2014-10-24T22:17:48+08:00 ] 192.168.1.105 /horizoner.net/index.php/Index/Index/handle_about
INFO: [ route_check ] --START--
INFO: CheckRoute Behavior ::run [ RunTime:0.000597s ]
INFO: [ route_check ] --END-- [ RunTime:0.000723s ]
INFO: [ app_begin ] --START--
INFO: ReadHtmlCache Behavior ::run [ RunTime:0.000744s ]
INFO: [ app_begin ] --END-- [ RunTime:0.000830s ]
SQL: SHOW COLUMNS FROM `hz_family` [ RunTime:0.006030s ]
SQL: SELECT * FROM `hz_family` WHERE ( `id` = 6 ) LIMIT 1   [ RunTime:0.000267s ]
SQL: SELECT * FROM `hz_family` WHERE ( `id` = 7 ) LIMIT 1   [ RunTime:0.000167s ]
SQL: SELECT * FROM `hz_family` WHERE ( `id` = 8 ) LIMIT 1   [ RunTime:0.000196s ]
SQL: SELECT * FROM `hz_family` WHERE ( `id` = 9 ) LIMIT 1   [ RunTime:0.000167s ]
SQL: SELECT * FROM `hz_family` WHERE ( `id` = 10 ) LIMIT 1   [ RunTime:0.000174s ]

[ 2014-10-24T22:17:51+08:00 ] 192.168.1.105 /horizoner.net/
INFO: [ app_begin ] --START--
INFO: ReadHtmlCache Behavior ::run [ RunTime:0.000457s ]
INFO: [ app_begin ] --END-- [ RunTime:0.000575s ]
INFO: [ view_parse ] --START--
INFO: ParseTemplate Behavior ::run [ RunTime:0.015042s ]
INFO: [ view_parse ] --END-- [ RunTime:0.015139s ]
INFO: [ view_filter ] --START--
INFO: ContentReplace Behavior ::run [ RunTime:0.000430s ]
INFO: TokenBuild Behavior ::run [ RunTime:0.000342s ]
INFO: WriteHtmlCache Behavior ::run [ RunTime:0.000214s ]
INFO: ShowRuntime Behavior ::run [ RunTime:0.000412s ]
INFO: [ view_filter ] --END-- [ RunTime:0.001605s ]
INFO: [ view_end ] --START--
INFO: ShowPageTrace Behavior ::run [ RunTime:0.000429s ]
INFO: [ view_end ] --END-- [ RunTime:0.000502s ]

[ 2014-10-24T22:18:03+08:00 ] 192.168.1.105 /horizoner.net/
INFO: [ app_begin ] --START--
INFO: ReadHtmlCache Behavior ::run [ RunTime:0.000733s ]
INFO: [ app_begin ] --END-- [ RunTime:0.000853s ]
INFO: [ view_parse ] --START--
INFO: ParseTemplate Behavior ::run [ RunTime:0.016141s ]
INFO: [ view_parse ] --END-- [ RunTime:0.016243s ]
INFO: [ view_filter ] --START--
INFO: ContentReplace Behavior ::run [ RunTime:0.000542s ]
INFO: TokenBuild Behavior ::run [ RunTime:0.000485s ]
INFO: WriteHtmlCache Behavior ::run [ RunTime:0.000274s ]
INFO: ShowRuntime Behavior ::run [ RunTime:0.000454s ]
INFO: [ view_filter ] --END-- [ RunTime:0.002001s ]
INFO: [ view_end ] --START--
INFO: ShowPageTrace Behavior ::run [ RunTime:0.000499s ]
INFO: [ view_end ] --END-- [ RunTime:0.000575s ]

[ 2014-10-24T22:18:31+08:00 ] 192.168.1.105 /horizoner.net/index.php/Index/Index/handle_work
INFO: [ route_check ] --START--
INFO: CheckRoute Behavior ::run [ RunTime:0.000567s ]
INFO: [ route_check ] --END-- [ RunTime:0.000663s ]
INFO: [ app_begin ] --START--
INFO: ReadHtmlCache Behavior ::run [ RunTime:0.000604s ]
INFO: [ app_begin ] --END-- [ RunTime:0.000698s ]
SQL: SHOW COLUMNS FROM `hz_work` [ RunTime:0.006768s ]
SQL: SELECT * FROM `hz_work` WHERE ( `id` = 11 ) LIMIT 1   [ RunTime:0.000358s ]
SQL: SELECT * FROM `hz_work` WHERE ( `id` = 12 ) LIMIT 1   [ RunTime:0.000303s ]
SQL: SELECT * FROM `hz_work` WHERE ( `id` = 13 ) LIMIT 1   [ RunTime:0.000342s ]
SQL: SELECT * FROM `hz_work` WHERE ( `id` = 14 ) LIMIT 1   [ RunTime:0.000368s ]
SQL: SELECT * FROM `hz_work` WHERE ( `id` = 15 ) LIMIT 1   [ RunTime:0.000429s ]

[ 2014-10-24T22:18:39+08:00 ] 192.168.1.105 /horizoner.net/
INFO: [ app_begin ] --START--
INFO: ReadHtmlCache Behavior ::run [ RunTime:0.000465s ]
INFO: [ app_begin ] --END-- [ RunTime:0.000576s ]
INFO: [ view_parse ] --START--
INFO: ParseTemplate Behavior ::run [ RunTime:0.016123s ]
INFO: [ view_parse ] --END-- [ RunTime:0.016238s ]
INFO: [ view_filter ] --START--
INFO: ContentReplace Behavior ::run [ RunTime:0.000455s ]
INFO: TokenBuild Behavior ::run [ RunTime:0.000319s ]
INFO: WriteHtmlCache Behavior ::run [ RunTime:0.000242s ]
INFO: ShowRuntime Behavior ::run [ RunTime:0.000399s ]
INFO: [ view_filter ] --END-- [ RunTime:0.001627s ]
INFO: [ view_end ] --START--
INFO: ShowPageTrace Behavior ::run [ RunTime:0.000500s ]
INFO: [ view_end ] --END-- [ RunTime:0.000575s ]

[ 2014-10-24T22:18:47+08:00 ] 192.168.1.105 /horizoner.net/index.php/Index/Index/handle_about
INFO: [ route_check ] --START--
INFO: CheckRoute Behavior ::run [ RunTime:0.000583s ]
INFO: [ route_check ] --END-- [ RunTime:0.000683s ]
INFO: [ app_begin ] --START--
INFO: ReadHtmlCache Behavior ::run [ RunTime:0.000430s ]
INFO: [ app_begin ] --END-- [ RunTime:0.000498s ]
SQL: SHOW COLUMNS FROM `hz_family` [ RunTime:0.023218s ]
SQL: SELECT * FROM `hz_family` WHERE ( `id` = 6 ) LIMIT 1   [ RunTime:0.000311s ]
SQL: SELECT * FROM `hz_family` WHERE ( `id` = 7 ) LIMIT 1   [ RunTime:0.000179s ]
SQL: SELECT * FROM `hz_family` WHERE ( `id` = 8 ) LIMIT 1   [ RunTime:0.000219s ]
SQL: SELECT * FROM `hz_family` WHERE ( `id` = 9 ) LIMIT 1   [ RunTime:0.000202s ]
SQL: SELECT * FROM `hz_family` WHERE ( `id` = 10 ) LIMIT 1   [ RunTime:0.000176s ]

[ 2014-10-24T22:18:51+08:00 ] 0.0.0.0 /horizoner.net/
INFO: [ app_begin ] --START--
INFO: ReadHtmlCache Behavior ::run [ RunTime:0.000724s ]
INFO: [ app_begin ] --END-- [ RunTime:0.000854s ]
INFO: [ view_parse ] --START--
INFO: ParseTemplate Behavior ::run [ RunTime:0.016938s ]
INFO: [ view_parse ] --END-- [ RunTime:0.017083s ]
INFO: [ view_filter ] --START--
INFO: ContentReplace Behavior ::run [ RunTime:0.000523s ]
INFO: TokenBuild Behavior ::run [ RunTime:0.000409s ]
INFO: WriteHtmlCache Behavior ::run [ RunTime:0.000330s ]
INFO: ShowRuntime Behavior ::run [ RunTime:0.000582s ]
INFO: [ view_filter ] --END-- [ RunTime:0.002121s ]
INFO: [ view_end ] --START--
INFO: ShowPageTrace Behavior ::run [ RunTime:0.000960s ]
INFO: [ view_end ] --END-- [ RunTime:0.001086s ]

[ 2014-10-24T22:18:54+08:00 ] 192.168.1.105 /horizoner.net/index.php/Index/Index/handle_about
INFO: [ route_check ] --START--
INFO: CheckRoute Behavior ::run [ RunTime:0.001003s ]
INFO: [ route_check ] --END-- [ RunTime:0.001276s ]
INFO: [ app_begin ] --START--
INFO: ReadHtmlCache Behavior ::run [ RunTime:0.000499s ]
INFO: [ app_begin ] --END-- [ RunTime:0.000580s ]
SQL: SHOW COLUMNS FROM `hz_family` [ RunTime:0.058304s ]
SQL: SELECT * FROM `hz_family` WHERE ( `id` = 6 ) LIMIT 1   [ RunTime:0.000617s ]
SQL: SELECT * FROM `hz_family` WHERE ( `id` = 7 ) LIMIT 1   [ RunTime:0.000314s ]
SQL: SELECT * FROM `hz_family` WHERE ( `id` = 8 ) LIMIT 1   [ RunTime:0.000481s ]
SQL: SELECT * FROM `hz_family` WHERE ( `id` = 9 ) LIMIT 1   [ RunTime:0.000538s ]
SQL: SELECT * FROM `hz_family` WHERE ( `id` = 10 ) LIMIT 1   [ RunTime:0.000486s ]

[ 2014-10-24T22:18:56+08:00 ] 0.0.0.0 /horizoner.net/index.php/Index/Index/handle_about
INFO: [ route_check ] --START--
INFO: CheckRoute Behavior ::run [ RunTime:0.001573s ]
INFO: [ route_check ] --END-- [ RunTime:0.001824s ]
INFO: [ app_begin ] --START--
INFO: ReadHtmlCache Behavior ::run [ RunTime:0.000556s ]
INFO: [ app_begin ] --END-- [ RunTime:0.000650s ]
SQL: SHOW COLUMNS FROM `hz_family` [ RunTime:0.005684s ]
SQL: SELECT * FROM `hz_family` WHERE ( `id` = 6 ) LIMIT 1   [ RunTime:0.000265s ]
SQL: SELECT * FROM `hz_family` WHERE ( `id` = 7 ) LIMIT 1   [ RunTime:0.000169s ]
SQL: SELECT * FROM `hz_family` WHERE ( `id` = 8 ) LIMIT 1   [ RunTime:0.000177s ]
SQL: SELECT * FROM `hz_family` WHERE ( `id` = 9 ) LIMIT 1   [ RunTime:0.000165s ]
SQL: SELECT * FROM `hz_family` WHERE ( `id` = 10 ) LIMIT 1   [ RunTime:0.000167s ]

[ 2014-10-24T22:19:01+08:00 ] 192.168.1.105 /horizoner.net/index.php/Index/Index/handle_about
INFO: [ route_check ] --START--
INFO: CheckRoute Behavior ::run [ RunTime:0.000597s ]
INFO: [ route_check ] --END-- [ RunTime:0.000700s ]
INFO: [ app_begin ] --START--
INFO: ReadHtmlCache Behavior ::run [ RunTime:0.000404s ]
INFO: [ app_begin ] --END-- [ RunTime:0.000472s ]
SQL: SHOW COLUMNS FROM `hz_family` [ RunTime:0.006094s ]
SQL: SELECT * FROM `hz_family` WHERE ( `id` = 6 ) LIMIT 1   [ RunTime:0.000271s ]
SQL: SELECT * FROM `hz_family` WHERE ( `id` = 7 ) LIMIT 1   [ RunTime:0.000182s ]
SQL: SELECT * FROM `hz_family` WHERE ( `id` = 8 ) LIMIT 1   [ RunTime:0.000166s ]
SQL: SELECT * FROM `hz_family` WHERE ( `id` = 9 ) LIMIT 1   [ RunTime:0.000163s ]
SQL: SELECT * FROM `hz_family` WHERE ( `id` = 10 ) LIMIT 1   [ RunTime:0.000164s ]

[ 2014-10-24T22:19:10+08:00 ] 192.168.1.105 /horizoner.net/
INFO: [ app_begin ] --START--
INFO: ReadHtmlCache Behavior ::run [ RunTime:0.000479s ]
INFO: [ app_begin ] --END-- [ RunTime:0.000585s ]
INFO: [ view_parse ] --START--
INFO: ParseTemplate Behavior ::run [ RunTime:0.029864s ]
INFO: [ view_parse ] --END-- [ RunTime:0.029966s ]
INFO: [ view_filter ] --START--
INFO: ContentReplace Behavior ::run [ RunTime:0.000468s ]
INFO: TokenBuild Behavior ::run [ RunTime:0.000336s ]
INFO: WriteHtmlCache Behavior ::run [ RunTime:0.000227s ]
INFO: ShowRuntime Behavior ::run [ RunTime:0.000428s ]
INFO: [ view_filter ] --END-- [ RunTime:0.001680s ]
INFO: [ view_end ] --START--
INFO: ShowPageTrace Behavior ::run [ RunTime:0.000497s ]
INFO: [ view_end ] --END-- [ RunTime:0.000574s ]

[ 2014-10-24T22:20:45+08:00 ] 192.168.1.105 /horizoner.net/index.php/Index/Index/handle_about
INFO: [ route_check ] --START--
INFO: CheckRoute Behavior ::run [ RunTime:0.000740s ]
INFO: [ route_check ] --END-- [ RunTime:0.000857s ]
INFO: [ app_begin ] --START--
INFO: ReadHtmlCache Behavior ::run [ RunTime:0.000474s ]
INFO: [ app_begin ] --END-- [ RunTime:0.000564s ]
SQL: SHOW COLUMNS FROM `hz_family` [ RunTime:0.031085s ]
SQL: SELECT * FROM `hz_family` WHERE ( `id` = 6 ) LIMIT 1   [ RunTime:0.000328s ]
SQL: SELECT * FROM `hz_family` WHERE ( `id` = 7 ) LIMIT 1   [ RunTime:0.000175s ]
SQL: SELECT * FROM `hz_family` WHERE ( `id` = 8 ) LIMIT 1   [ RunTime:0.000172s ]
SQL: SELECT * FROM `hz_family` WHERE ( `id` = 9 ) LIMIT 1   [ RunTime:0.000166s ]
SQL: SELECT * FROM `hz_family` WHERE ( `id` = 10 ) LIMIT 1   [ RunTime:0.000166s ]

[ 2014-10-24T22:20:48+08:00 ] 192.168.1.105 /horizoner.net/index.php/Index/Index/handle_about
INFO: [ route_check ] --START--
INFO: CheckRoute Behavior ::run [ RunTime:0.000626s ]
INFO: [ route_check ] --END-- [ RunTime:0.000734s ]
INFO: [ app_begin ] --START--
INFO: ReadHtmlCache Behavior ::run [ RunTime:0.000447s ]
INFO: [ app_begin ] --END-- [ RunTime:0.000522s ]
SQL: SHOW COLUMNS FROM `hz_family` [ RunTime:0.006027s ]
SQL: SELECT * FROM `hz_family` WHERE ( `id` = 6 ) LIMIT 1   [ RunTime:0.000290s ]
SQL: SELECT * FROM `hz_family` WHERE ( `id` = 7 ) LIMIT 1   [ RunTime:0.000196s ]
SQL: SELECT * FROM `hz_family` WHERE ( `id` = 8 ) LIMIT 1   [ RunTime:0.000208s ]
SQL: SELECT * FROM `hz_family` WHERE ( `id` = 9 ) LIMIT 1   [ RunTime:0.000221s ]
SQL: SELECT * FROM `hz_family` WHERE ( `id` = 10 ) LIMIT 1   [ RunTime:0.000204s ]

[ 2014-10-24T22:20:53+08:00 ] 192.168.1.105 /horizoner.net/
INFO: [ app_begin ] --START--
INFO: ReadHtmlCache Behavior ::run [ RunTime:0.000600s ]
INFO: [ app_begin ] --END-- [ RunTime:0.000705s ]
INFO: [ view_parse ] --START--
INFO: ParseTemplate Behavior ::run [ RunTime:0.017051s ]
INFO: [ view_parse ] --END-- [ RunTime:0.017156s ]
INFO: [ view_filter ] --START--
INFO: ContentReplace Behavior ::run [ RunTime:0.000502s ]
INFO: TokenBuild Behavior ::run [ RunTime:0.000396s ]
INFO: WriteHtmlCache Behavior ::run [ RunTime:0.000279s ]
INFO: ShowRuntime Behavior ::run [ RunTime:0.000475s ]
INFO: [ view_filter ] --END-- [ RunTime:0.001869s ]
INFO: [ view_end ] --START--
INFO: ShowPageTrace Behavior ::run [ RunTime:0.000483s ]
INFO: [ view_end ] --END-- [ RunTime:0.000557s ]

[ 2014-10-24T22:21:22+08:00 ] 192.168.1.105 /horizoner.net/index.php/Index/Index/handle_about
INFO: [ route_check ] --START--
INFO: CheckRoute Behavior ::run [ RunTime:0.000783s ]
INFO: [ route_check ] --END-- [ RunTime:0.000890s ]
INFO: [ app_begin ] --START--
INFO: ReadHtmlCache Behavior ::run [ RunTime:0.000553s ]
INFO: [ app_begin ] --END-- [ RunTime:0.000622s ]
SQL: SHOW COLUMNS FROM `hz_family` [ RunTime:0.005828s ]
SQL: SELECT * FROM `hz_family` WHERE ( `id` = 6 ) LIMIT 1   [ RunTime:0.000289s ]
SQL: SELECT * FROM `hz_family` WHERE ( `id` = 7 ) LIMIT 1   [ RunTime:0.000174s ]
SQL: SELECT * FROM `hz_family` WHERE ( `id` = 8 ) LIMIT 1   [ RunTime:0.000167s ]
SQL: SELECT * FROM `hz_family` WHERE ( `id` = 9 ) LIMIT 1   [ RunTime:0.000164s ]
SQL: SELECT * FROM `hz_family` WHERE ( `id` = 10 ) LIMIT 1   [ RunTime:0.000227s ]

[ 2014-10-24T22:21:34+08:00 ] 192.168.1.105 /horizoner.net/index.php/Index/Index/handle_about
INFO: [ route_check ] --START--
INFO: CheckRoute Behavior ::run [ RunTime:0.000667s ]
INFO: [ route_check ] --END-- [ RunTime:0.000772s ]
INFO: [ app_begin ] --START--
INFO: ReadHtmlCache Behavior ::run [ RunTime:0.000455s ]
INFO: [ app_begin ] --END-- [ RunTime:0.000535s ]
SQL: SHOW COLUMNS FROM `hz_family` [ RunTime:0.005859s ]
SQL: SELECT * FROM `hz_family` WHERE ( `id` = 6 ) LIMIT 1   [ RunTime:0.000271s ]
SQL: SELECT * FROM `hz_family` WHERE ( `id` = 7 ) LIMIT 1   [ RunTime:0.000174s ]
SQL: SELECT * FROM `hz_family` WHERE ( `id` = 8 ) LIMIT 1   [ RunTime:0.000171s ]
SQL: SELECT * FROM `hz_family` WHERE ( `id` = 9 ) LIMIT 1   [ RunTime:0.000173s ]
SQL: SELECT * FROM `hz_family` WHERE ( `id` = 10 ) LIMIT 1   [ RunTime:0.000169s ]

[ 2014-10-24T22:21:35+08:00 ] 192.168.1.105 /horizoner.net/index.php/Index/Index/handle_about
INFO: [ route_check ] --START--
INFO: CheckRoute Behavior ::run [ RunTime:0.000681s ]
INFO: [ route_check ] --END-- [ RunTime:0.000784s ]
INFO: [ app_begin ] --START--
INFO: ReadHtmlCache Behavior ::run [ RunTime:0.000642s ]
INFO: [ app_begin ] --END-- [ RunTime:0.000742s ]
SQL: SHOW COLUMNS FROM `hz_family` [ RunTime:0.006584s ]
SQL: SELECT * FROM `hz_family` WHERE ( `id` = 6 ) LIMIT 1   [ RunTime:0.000277s ]
SQL: SELECT * FROM `hz_family` WHERE ( `id` = 7 ) LIMIT 1   [ RunTime:0.000171s ]
SQL: SELECT * FROM `hz_family` WHERE ( `id` = 8 ) LIMIT 1   [ RunTime:0.000169s ]
SQL: SELECT * FROM `hz_family` WHERE ( `id` = 9 ) LIMIT 1   [ RunTime:0.000189s ]
SQL: SELECT * FROM `hz_family` WHERE ( `id` = 10 ) LIMIT 1   [ RunTime:0.000166s ]

[ 2014-10-24T22:21:35+08:00 ] 192.168.1.105 /horizoner.net/index.php/Index/Index/handle_about
INFO: [ route_check ] --START--
INFO: CheckRoute Behavior ::run [ RunTime:0.000569s ]
INFO: [ route_check ] --END-- [ RunTime:0.000684s ]
INFO: [ app_begin ] --START--
INFO: ReadHtmlCache Behavior ::run [ RunTime:0.000411s ]
INFO: [ app_begin ] --END-- [ RunTime:0.000481s ]
SQL: SHOW COLUMNS FROM `hz_family` [ RunTime:0.003314s ]
SQL: SELECT * FROM `hz_family` WHERE ( `id` = 6 ) LIMIT 1   [ RunTime:0.000259s ]
SQL: SELECT * FROM `hz_family` WHERE ( `id` = 7 ) LIMIT 1   [ RunTime:0.000171s ]
SQL: SELECT * FROM `hz_family` WHERE ( `id` = 8 ) LIMIT 1   [ RunTime:0.000174s ]
SQL: SELECT * FROM `hz_family` WHERE ( `id` = 9 ) LIMIT 1   [ RunTime:0.000170s ]
SQL: SELECT * FROM `hz_family` WHERE ( `id` = 10 ) LIMIT 1   [ RunTime:0.000180s ]

[ 2014-10-24T22:21:35+08:00 ] 192.168.1.105 /horizoner.net/index.php/Index/Index/handle_about
INFO: [ route_check ] --START--
INFO: CheckRoute Behavior ::run [ RunTime:0.000561s ]
INFO: [ route_check ] --END-- [ RunTime:0.000675s ]
INFO: [ app_begin ] --START--
INFO: ReadHtmlCache Behavior ::run [ RunTime:0.000460s ]
INFO: [ app_begin ] --END-- [ RunTime:0.000533s ]
SQL: SHOW COLUMNS FROM `hz_family` [ RunTime:0.003638s ]
SQL: SELECT * FROM `hz_family` WHERE ( `id` = 6 ) LIMIT 1   [ RunTime:0.000299s ]
SQL: SELECT * FROM `hz_family` WHERE ( `id` = 7 ) LIMIT 1   [ RunTime:0.000202s ]
SQL: SELECT * FROM `hz_family` WHERE ( `id` = 8 ) LIMIT 1   [ RunTime:0.000201s ]
SQL: SELECT * FROM `hz_family` WHERE ( `id` = 9 ) LIMIT 1   [ RunTime:0.000175s ]
SQL: SELECT * FROM `hz_family` WHERE ( `id` = 10 ) LIMIT 1   [ RunTime:0.000172s ]

[ 2014-10-24T22:21:35+08:00 ] 192.168.1.105 /horizoner.net/index.php/Index/Index/handle_about
INFO: [ route_check ] --START--
INFO: CheckRoute Behavior ::run [ RunTime:0.000579s ]
INFO: [ route_check ] --END-- [ RunTime:0.000678s ]
INFO: [ app_begin ] --START--
INFO: ReadHtmlCache Behavior ::run [ RunTime:0.000429s ]
INFO: [ app_begin ] --END-- [ RunTime:0.000496s ]
SQL: SHOW COLUMNS FROM `hz_family` [ RunTime:0.003352s ]
SQL: SELECT * FROM `hz_family` WHERE ( `id` = 6 ) LIMIT 1   [ RunTime:0.000263s ]
SQL: SELECT * FROM `hz_family` WHERE ( `id` = 7 ) LIMIT 1   [ RunTime:0.000170s ]
SQL: SELECT * FROM `hz_family` WHERE ( `id` = 8 ) LIMIT 1   [ RunTime:0.000172s ]
SQL: SELECT * FROM `hz_family` WHERE ( `id` = 9 ) LIMIT 1   [ RunTime:0.000167s ]
SQL: SELECT * FROM `hz_family` WHERE ( `id` = 10 ) LIMIT 1   [ RunTime:0.000165s ]

[ 2014-10-24T22:21:35+08:00 ] 192.168.1.105 /horizoner.net/index.php/Index/Index/handle_about
INFO: [ route_check ] --START--
INFO: CheckRoute Behavior ::run [ RunTime:0.000578s ]
INFO: [ route_check ] --END-- [ RunTime:0.000676s ]
INFO: [ app_begin ] --START--
INFO: ReadHtmlCache Behavior ::run [ RunTime:0.000445s ]
INFO: [ app_begin ] --END-- [ RunTime:0.000513s ]
SQL: SHOW COLUMNS FROM `hz_family` [ RunTime:0.003435s ]
SQL: SELECT * FROM `hz_family` WHERE ( `id` = 6 ) LIMIT 1   [ RunTime:0.000287s ]
SQL: SELECT * FROM `hz_family` WHERE ( `id` = 7 ) LIMIT 1   [ RunTime:0.000200s ]
SQL: SELECT * FROM `hz_family` WHERE ( `id` = 8 ) LIMIT 1   [ RunTime:0.000202s ]
SQL: SELECT * FROM `hz_family` WHERE ( `id` = 9 ) LIMIT 1   [ RunTime:0.000194s ]
SQL: SELECT * FROM `hz_family` WHERE ( `id` = 10 ) LIMIT 1   [ RunTime:0.000221s ]

[ 2014-10-24T22:21:36+08:00 ] 192.168.1.105 /horizoner.net/index.php/Index/Index/handle_about
INFO: [ route_check ] --START--
INFO: CheckRoute Behavior ::run [ RunTime:0.000549s ]
INFO: [ route_check ] --END-- [ RunTime:0.000646s ]
INFO: [ app_begin ] --START--
INFO: ReadHtmlCache Behavior ::run [ RunTime:0.000429s ]
INFO: [ app_begin ] --END-- [ RunTime:0.000522s ]
SQL: SHOW COLUMNS FROM `hz_family` [ RunTime:0.005687s ]
SQL: SELECT * FROM `hz_family` WHERE ( `id` = 6 ) LIMIT 1   [ RunTime:0.000265s ]
SQL: SELECT * FROM `hz_family` WHERE ( `id` = 7 ) LIMIT 1   [ RunTime:0.000169s ]
SQL: SELECT * FROM `hz_family` WHERE ( `id` = 8 ) LIMIT 1   [ RunTime:0.000185s ]
SQL: SELECT * FROM `hz_family` WHERE ( `id` = 9 ) LIMIT 1   [ RunTime:0.000169s ]
SQL: SELECT * FROM `hz_family` WHERE ( `id` = 10 ) LIMIT 1   [ RunTime:0.000165s ]

[ 2014-10-24T22:21:36+08:00 ] 192.168.1.105 /horizoner.net/index.php/Index/Index/handle_about
INFO: [ route_check ] --START--
INFO: CheckRoute Behavior ::run [ RunTime:0.000629s ]
INFO: [ route_check ] --END-- [ RunTime:0.000738s ]
INFO: [ app_begin ] --START--
INFO: ReadHtmlCache Behavior ::run [ RunTime:0.000487s ]
INFO: [ app_begin ] --END-- [ RunTime:0.000580s ]
SQL: SHOW COLUMNS FROM `hz_family` [ RunTime:0.003289s ]
SQL: SELECT * FROM `hz_family` WHERE ( `id` = 6 ) LIMIT 1   [ RunTime:0.000264s ]
SQL: SELECT * FROM `hz_family` WHERE ( `id` = 7 ) LIMIT 1   [ RunTime:0.000203s ]
SQL: SELECT * FROM `hz_family` WHERE ( `id` = 8 ) LIMIT 1   [ RunTime:0.000177s ]
SQL: SELECT * FROM `hz_family` WHERE ( `id` = 9 ) LIMIT 1   [ RunTime:0.000212s ]
SQL: SELECT * FROM `hz_family` WHERE ( `id` = 10 ) LIMIT 1   [ RunTime:0.000182s ]

[ 2014-10-24T22:21:36+08:00 ] 192.168.1.105 /horizoner.net/index.php/Index/Index/handle_about
INFO: [ route_check ] --START--
INFO: CheckRoute Behavior ::run [ RunTime:0.000546s ]
INFO: [ route_check ] --END-- [ RunTime:0.000650s ]
INFO: [ app_begin ] --START--
INFO: ReadHtmlCache Behavior ::run [ RunTime:0.000431s ]
INFO: [ app_begin ] --END-- [ RunTime:0.000498s ]
SQL: SHOW COLUMNS FROM `hz_family` [ RunTime:0.003319s ]
SQL: SELECT * FROM `hz_family` WHERE ( `id` = 6 ) LIMIT 1   [ RunTime:0.000266s ]
SQL: SELECT * FROM `hz_family` WHERE ( `id` = 7 ) LIMIT 1   [ RunTime:0.000175s ]
SQL: SELECT * FROM `hz_family` WHERE ( `id` = 8 ) LIMIT 1   [ RunTime:0.000168s ]
SQL: SELECT * FROM `hz_family` WHERE ( `id` = 9 ) LIMIT 1   [ RunTime:0.000190s ]
SQL: SELECT * FROM `hz_family` WHERE ( `id` = 10 ) LIMIT 1   [ RunTime:0.000170s ]

[ 2014-10-24T22:21:38+08:00 ] 192.168.1.105 /horizoner.net/index.php/Index/Index/handle_about
INFO: [ route_check ] --START--
INFO: CheckRoute Behavior ::run [ RunTime:0.000694s ]
INFO: [ route_check ] --END-- [ RunTime:0.000811s ]
INFO: [ app_begin ] --START--
INFO: ReadHtmlCache Behavior ::run [ RunTime:0.000738s ]
INFO: [ app_begin ] --END-- [ RunTime:0.000861s ]
SQL: SHOW COLUMNS FROM `hz_family` [ RunTime:0.007446s ]
SQL: SELECT * FROM `hz_family` WHERE ( `id` = 6 ) LIMIT 1   [ RunTime:0.000299s ]
SQL: SELECT * FROM `hz_family` WHERE ( `id` = 7 ) LIMIT 1   [ RunTime:0.000220s ]
SQL: SELECT * FROM `hz_family` WHERE ( `id` = 8 ) LIMIT 1   [ RunTime:0.000259s ]
SQL: SELECT * FROM `hz_family` WHERE ( `id` = 9 ) LIMIT 1   [ RunTime:0.000215s ]
SQL: SELECT * FROM `hz_family` WHERE ( `id` = 10 ) LIMIT 1   [ RunTime:0.000287s ]

[ 2014-10-24T22:21:41+08:00 ] 192.168.1.105 /horizoner.net/index.php/Index/Index/handle_about
INFO: [ route_check ] --START--
INFO: CheckRoute Behavior ::run [ RunTime:0.000679s ]
INFO: [ route_check ] --END-- [ RunTime:0.000802s ]
INFO: [ app_begin ] --START--
INFO: ReadHtmlCache Behavior ::run [ RunTime:0.000555s ]
INFO: [ app_begin ] --END-- [ RunTime:0.000674s ]
SQL: SHOW COLUMNS FROM `hz_family` [ RunTime:0.006379s ]
SQL: SELECT * FROM `hz_family` WHERE ( `id` = 6 ) LIMIT 1   [ RunTime:0.000287s ]
SQL: SELECT * FROM `hz_family` WHERE ( `id` = 7 ) LIMIT 1   [ RunTime:0.000197s ]
SQL: SELECT * FROM `hz_family` WHERE ( `id` = 8 ) LIMIT 1   [ RunTime:0.000199s ]
SQL: SELECT * FROM `hz_family` WHERE ( `id` = 9 ) LIMIT 1   [ RunTime:0.000193s ]
SQL: SELECT * FROM `hz_family` WHERE ( `id` = 10 ) LIMIT 1   [ RunTime:0.000187s ]

[ 2014-10-24T22:21:43+08:00 ] 192.168.1.105 /horizoner.net/index.php/Index/Index/handle_about
INFO: [ route_check ] --START--
INFO: CheckRoute Behavior ::run [ RunTime:0.000714s ]
INFO: [ route_check ] --END-- [ RunTime:0.000835s ]
INFO: [ app_begin ] --START--
INFO: ReadHtmlCache Behavior ::run [ RunTime:0.000489s ]
INFO: [ app_begin ] --END-- [ RunTime:0.000557s ]
SQL: SHOW COLUMNS FROM `hz_family` [ RunTime:0.006166s ]
SQL: SELECT * FROM `hz_family` WHERE ( `id` = 6 ) LIMIT 1   [ RunTime:0.000272s ]
SQL: SELECT * FROM `hz_family` WHERE ( `id` = 7 ) LIMIT 1   [ RunTime:0.000177s ]
SQL: SELECT * FROM `hz_family` WHERE ( `id` = 8 ) LIMIT 1   [ RunTime:0.000171s ]
SQL: SELECT * FROM `hz_family` WHERE ( `id` = 9 ) LIMIT 1   [ RunTime:0.000176s ]
SQL: SELECT * FROM `hz_family` WHERE ( `id` = 10 ) LIMIT 1   [ RunTime:0.000169s ]

[ 2014-10-24T22:21:44+08:00 ] 192.168.1.105 /horizoner.net/index.php/Index/Index/handle_about
INFO: [ route_check ] --START--
INFO: CheckRoute Behavior ::run [ RunTime:0.000670s ]
INFO: [ route_check ] --END-- [ RunTime:0.000791s ]
INFO: [ app_begin ] --START--
INFO: ReadHtmlCache Behavior ::run [ RunTime:0.000505s ]
INFO: [ app_begin ] --END-- [ RunTime:0.000574s ]
SQL: SHOW COLUMNS FROM `hz_family` [ RunTime:0.007304s ]
SQL: SELECT * FROM `hz_family` WHERE ( `id` = 6 ) LIMIT 1   [ RunTime:0.000269s ]
SQL: SELECT * FROM `hz_family` WHERE ( `id` = 7 ) LIMIT 1   [ RunTime:0.000171s ]
SQL: SELECT * FROM `hz_family` WHERE ( `id` = 8 ) LIMIT 1   [ RunTime:0.000167s ]
SQL: SELECT * FROM `hz_family` WHERE ( `id` = 9 ) LIMIT 1   [ RunTime:0.000196s ]
SQL: SELECT * FROM `hz_family` WHERE ( `id` = 10 ) LIMIT 1   [ RunTime:0.000193s ]

[ 2014-10-24T22:23:39+08:00 ] 0.0.0.0 /horizoner.net/index.php/Index/Index/handle_about
INFO: [ route_check ] --START--
INFO: CheckRoute Behavior ::run [ RunTime:0.001073s ]
INFO: [ route_check ] --END-- [ RunTime:0.001235s ]
INFO: [ app_begin ] --START--
INFO: ReadHtmlCache Behavior ::run [ RunTime:0.001409s ]
INFO: [ app_begin ] --END-- [ RunTime:0.001792s ]
SQL: SHOW COLUMNS FROM `hz_family` [ RunTime:0.006055s ]
SQL: SELECT * FROM `hz_family` WHERE ( `id` = 6 ) LIMIT 1   [ RunTime:0.000324s ]
SQL: SELECT * FROM `hz_family` WHERE ( `id` = 7 ) LIMIT 1   [ RunTime:0.000191s ]
SQL: SELECT * FROM `hz_family` WHERE ( `id` = 8 ) LIMIT 1   [ RunTime:0.000181s ]
SQL: SELECT * FROM `hz_family` WHERE ( `id` = 9 ) LIMIT 1   [ RunTime:0.000182s ]
SQL: SELECT * FROM `hz_family` WHERE ( `id` = 10 ) LIMIT 1   [ RunTime:0.000236s ]

[ 2014-10-24T22:23:48+08:00 ] 0.0.0.0 /horizoner.net/index.php/Index/Index/handle_about
INFO: [ route_check ] --START--
INFO: CheckRoute Behavior ::run [ RunTime:0.001890s ]
INFO: [ route_check ] --END-- [ RunTime:0.002102s ]
INFO: [ app_begin ] --START--
INFO: ReadHtmlCache Behavior ::run [ RunTime:0.000801s ]
INFO: [ app_begin ] --END-- [ RunTime:0.001011s ]
SQL: SHOW COLUMNS FROM `hz_family` [ RunTime:0.006775s ]
SQL: SELECT * FROM `hz_family` WHERE ( `id` = 6 ) LIMIT 1   [ RunTime:0.000290s ]
SQL: SELECT * FROM `hz_family` WHERE ( `id` = 7 ) LIMIT 1   [ RunTime:0.000200s ]
SQL: SELECT * FROM `hz_family` WHERE ( `id` = 8 ) LIMIT 1   [ RunTime:0.000200s ]
SQL: SELECT * FROM `hz_family` WHERE ( `id` = 9 ) LIMIT 1   [ RunTime:0.000194s ]
SQL: SELECT * FROM `hz_family` WHERE ( `id` = 10 ) LIMIT 1   [ RunTime:0.000202s ]

[ 2014-10-24T23:28:50+08:00 ] 0.0.0.0 /horizoner.net/
INFO: [ app_begin ] --START--
INFO: ReadHtmlCache Behavior ::run [ RunTime:0.000815s ]
INFO: [ app_begin ] --END-- [ RunTime:0.000951s ]
INFO: [ view_parse ] --START--
INFO: ParseTemplate Behavior ::run [ RunTime:0.017887s ]
INFO: [ view_parse ] --END-- [ RunTime:0.017993s ]
INFO: [ view_filter ] --START--
INFO: ContentReplace Behavior ::run [ RunTime:0.000563s ]
INFO: TokenBuild Behavior ::run [ RunTime:0.000434s ]
INFO: WriteHtmlCache Behavior ::run [ RunTime:0.000303s ]
INFO: ShowRuntime Behavior ::run [ RunTime:0.000499s ]
INFO: [ view_filter ] --END-- [ RunTime:0.002025s ]
INFO: [ view_end ] --START--
INFO: ShowPageTrace Behavior ::run [ RunTime:0.000585s ]
INFO: [ view_end ] --END-- [ RunTime:0.000662s ]

[ 2014-10-24T23:28:52+08:00 ] 0.0.0.0 /horizoner.net/index.php/Index/Index/handle_about
INFO: [ route_check ] --START--
INFO: CheckRoute Behavior ::run [ RunTime:0.000644s ]
INFO: [ route_check ] --END-- [ RunTime:0.000788s ]
INFO: [ app_begin ] --START--
INFO: ReadHtmlCache Behavior ::run [ RunTime:0.000408s ]
INFO: [ app_begin ] --END-- [ RunTime:0.000477s ]
SQL: SHOW COLUMNS FROM `hz_family` [ RunTime:0.007442s ]
SQL: SELECT * FROM `hz_family` WHERE ( `id` = 6 ) LIMIT 1   [ RunTime:0.000365s ]
SQL: SELECT * FROM `hz_family` WHERE ( `id` = 7 ) LIMIT 1   [ RunTime:0.000232s ]
SQL: SELECT * FROM `hz_family` WHERE ( `id` = 8 ) LIMIT 1   [ RunTime:0.000190s ]
SQL: SELECT * FROM `hz_family` WHERE ( `id` = 9 ) LIMIT 1   [ RunTime:0.000180s ]
SQL: SELECT * FROM `hz_family` WHERE ( `id` = 10 ) LIMIT 1   [ RunTime:0.000178s ]

[ 2014-10-24T23:28:54+08:00 ] 0.0.0.0 /horizoner.net/
INFO: [ app_begin ] --START--
INFO: ReadHtmlCache Behavior ::run [ RunTime:0.000439s ]
INFO: [ app_begin ] --END-- [ RunTime:0.000539s ]
INFO: [ view_parse ] --START--
INFO: ParseTemplate Behavior ::run [ RunTime:0.017132s ]
INFO: [ view_parse ] --END-- [ RunTime:0.017334s ]
INFO: [ view_filter ] --START--
INFO: ContentReplace Behavior ::run [ RunTime:0.000652s ]
INFO: TokenBuild Behavior ::run [ RunTime:0.000344s ]
INFO: WriteHtmlCache Behavior ::run [ RunTime:0.000216s ]
INFO: ShowRuntime Behavior ::run [ RunTime:0.000400s ]
INFO: [ view_filter ] --END-- [ RunTime:0.001848s ]
INFO: [ view_end ] --START--
INFO: ShowPageTrace Behavior ::run [ RunTime:0.000498s ]
INFO: [ view_end ] --END-- [ RunTime:0.000604s ]

[ 2014-10-24T23:28:56+08:00 ] 0.0.0.0 /horizoner.net/index.php/Index/Index/handle_about
INFO: [ route_check ] --START--
INFO: CheckRoute Behavior ::run [ RunTime:0.000630s ]
INFO: [ route_check ] --END-- [ RunTime:0.000744s ]
INFO: [ app_begin ] --START--
INFO: ReadHtmlCache Behavior ::run [ RunTime:0.000511s ]
INFO: [ app_begin ] --END-- [ RunTime:0.000607s ]
SQL: SHOW COLUMNS FROM `hz_family` [ RunTime:0.007358s ]
SQL: SELECT * FROM `hz_family` WHERE ( `id` = 6 ) LIMIT 1   [ RunTime:0.000316s ]
SQL: SELECT * FROM `hz_family` WHERE ( `id` = 7 ) LIMIT 1   [ RunTime:0.000222s ]
SQL: SELECT * FROM `hz_family` WHERE ( `id` = 8 ) LIMIT 1   [ RunTime:0.000206s ]
SQL: SELECT * FROM `hz_family` WHERE ( `id` = 9 ) LIMIT 1   [ RunTime:0.000199s ]
SQL: SELECT * FROM `hz_family` WHERE ( `id` = 10 ) LIMIT 1   [ RunTime:0.000196s ]

[ 2014-10-24T23:28:57+08:00 ] 0.0.0.0 /horizoner.net/index.php/Index/Index/handle_about
INFO: [ route_check ] --START--
INFO: CheckRoute Behavior ::run [ RunTime:0.000598s ]
INFO: [ route_check ] --END-- [ RunTime:0.000697s ]
INFO: [ app_begin ] --START--
INFO: ReadHtmlCache Behavior ::run [ RunTime:0.000410s ]
INFO: [ app_begin ] --END-- [ RunTime:0.000551s ]
SQL: SHOW COLUMNS FROM `hz_family` [ RunTime:0.006976s ]
SQL: SELECT * FROM `hz_family` WHERE ( `id` = 6 ) LIMIT 1   [ RunTime:0.000294s ]
SQL: SELECT * FROM `hz_family` WHERE ( `id` = 7 ) LIMIT 1   [ RunTime:0.000204s ]
SQL: SELECT * FROM `hz_family` WHERE ( `id` = 8 ) LIMIT 1   [ RunTime:0.000187s ]
SQL: SELECT * FROM `hz_family` WHERE ( `id` = 9 ) LIMIT 1   [ RunTime:0.000179s ]
SQL: SELECT * FROM `hz_family` WHERE ( `id` = 10 ) LIMIT 1   [ RunTime:0.000176s ]

[ 2014-10-24T23:28:58+08:00 ] 0.0.0.0 /horizoner.net/index.php/Index/Index/handle_about
INFO: [ route_check ] --START--
INFO: CheckRoute Behavior ::run [ RunTime:0.000921s ]
INFO: [ route_check ] --END-- [ RunTime:0.001086s ]
INFO: [ app_begin ] --START--
INFO: ReadHtmlCache Behavior ::run [ RunTime:0.001254s ]
INFO: [ app_begin ] --END-- [ RunTime:0.001389s ]
SQL: SHOW COLUMNS FROM `hz_family` [ RunTime:0.007542s ]
SQL: SELECT * FROM `hz_family` WHERE ( `id` = 6 ) LIMIT 1   [ RunTime:0.000293s ]
SQL: SELECT * FROM `hz_family` WHERE ( `id` = 7 ) LIMIT 1   [ RunTime:0.000201s ]
SQL: SELECT * FROM `hz_family` WHERE ( `id` = 8 ) LIMIT 1   [ RunTime:0.000189s ]
SQL: SELECT * FROM `hz_family` WHERE ( `id` = 9 ) LIMIT 1   [ RunTime:0.000181s ]
SQL: SELECT * FROM `hz_family` WHERE ( `id` = 10 ) LIMIT 1   [ RunTime:0.000178s ]

[ 2014-10-24T23:28:58+08:00 ] 0.0.0.0 /horizoner.net/index.php/Index/Index/handle_about
INFO: [ route_check ] --START--
INFO: CheckRoute Behavior ::run [ RunTime:0.000549s ]
INFO: [ route_check ] --END-- [ RunTime:0.000648s ]
INFO: [ app_begin ] --START--
INFO: ReadHtmlCache Behavior ::run [ RunTime:0.000413s ]
INFO: [ app_begin ] --END-- [ RunTime:0.000483s ]
SQL: SHOW COLUMNS FROM `hz_family` [ RunTime:0.003638s ]
SQL: SELECT * FROM `hz_family` WHERE ( `id` = 6 ) LIMIT 1   [ RunTime:0.000299s ]
SQL: SELECT * FROM `hz_family` WHERE ( `id` = 7 ) LIMIT 1   [ RunTime:0.000222s ]
SQL: SELECT * FROM `hz_family` WHERE ( `id` = 8 ) LIMIT 1   [ RunTime:0.000211s ]
SQL: SELECT * FROM `hz_family` WHERE ( `id` = 9 ) LIMIT 1   [ RunTime:0.000202s ]
SQL: SELECT * FROM `hz_family` WHERE ( `id` = 10 ) LIMIT 1   [ RunTime:0.000200s ]

[ 2014-10-24T23:28:58+08:00 ] 0.0.0.0 /horizoner.net/index.php/Index/Index/handle_about
INFO: [ route_check ] --START--
INFO: CheckRoute Behavior ::run [ RunTime:0.000551s ]
INFO: [ route_check ] --END-- [ RunTime:0.000650s ]
INFO: [ app_begin ] --START--
INFO: ReadHtmlCache Behavior ::run [ RunTime:0.000436s ]
INFO: [ app_begin ] --END-- [ RunTime:0.000511s ]
SQL: SHOW COLUMNS FROM `hz_family` [ RunTime:0.003431s ]
SQL: SELECT * FROM `hz_family` WHERE ( `id` = 6 ) LIMIT 1   [ RunTime:0.000274s ]
SQL: SELECT * FROM `hz_family` WHERE ( `id` = 7 ) LIMIT 1   [ RunTime:0.000192s ]
SQL: SELECT * FROM `hz_family` WHERE ( `id` = 8 ) LIMIT 1   [ RunTime:0.000186s ]
SQL: SELECT * FROM `hz_family` WHERE ( `id` = 9 ) LIMIT 1   [ RunTime:0.000177s ]
SQL: SELECT * FROM `hz_family` WHERE ( `id` = 10 ) LIMIT 1   [ RunTime:0.000175s ]

[ 2014-10-24T23:29:01+08:00 ] 0.0.0.0 /horizoner.net/index.php/Index/Index/handle_work
INFO: [ route_check ] --START--
INFO: CheckRoute Behavior ::run [ RunTime:0.000845s ]
INFO: [ route_check ] --END-- [ RunTime:0.000990s ]
INFO: [ app_begin ] --START--
INFO: ReadHtmlCache Behavior ::run [ RunTime:0.000705s ]
INFO: [ app_begin ] --END-- [ RunTime:0.000816s ]
SQL: SHOW COLUMNS FROM `hz_work` [ RunTime:0.006733s ]
SQL: SELECT * FROM `hz_work` WHERE ( `id` = 11 ) LIMIT 1   [ RunTime:0.000296s ]
SQL: SELECT * FROM `hz_work` WHERE ( `id` = 12 ) LIMIT 1   [ RunTime:0.000196s ]
SQL: SELECT * FROM `hz_work` WHERE ( `id` = 13 ) LIMIT 1   [ RunTime:0.000185s ]
SQL: SELECT * FROM `hz_work` WHERE ( `id` = 14 ) LIMIT 1   [ RunTime:0.000178s ]
SQL: SELECT * FROM `hz_work` WHERE ( `id` = 15 ) LIMIT 1   [ RunTime:0.000173s ]

